状态 33冲突：1 项偏移/归约
状态 57冲突：1 项偏移/归约
状态 121冲突：1 项偏移/归约


语法

    0 $accept: Program $end

    1 Program: ExtDefList

    2 ExtDefList: ExtDef ExtDefList
    3           | %empty

    4 ExtDef: Specifier ExtDecList SEMI
    5       | Specifier SEMI
    6       | Specifier FunDec CompSt

    7 ExtDecList: VarDec
    8           | VarDec COMMA ExtDecList

    9 Specifier: TYPE
   10          | StructSpecifier

   11 StructSpecifier: STRUCT ID LC DefList RC
   12                | STRUCT ID

   13 VarDec: ID
   14       | VarDec LB INT RB

   15 FunDec: ID LP VarList RP
   16       | ID LP RP

   17 VarList: ParamDec COMMA VarList
   18        | ParamDec

   19 ParamDec: Specifier VarDec

   20 CompSt: LC DefList StmtList error
   21       | LC DefList StmtList RC

   22 StmtList: Stmt StmtList
   23         | %empty

   24 Stmt: Exp error
   25     | Exp SEMI
   26     | CompSt
   27     | RETURN Exp SEMI
   28     | IF LP Exp RP Stmt
   29     | IF LP Exp RP Stmt ELSE Stmt
   30     | WHILE LP Exp RP Stmt

   31 DefList: Def DefList
   32        | %empty

   33 Def: Specifier DecList SEMI

   34 DecList: Dec
   35        | Dec COMMA DecList

   36 Dec: VarDec
   37    | VarDec ASSIGN Exp

   38 Exp: ID LP Args error
   39    | Exp ASSIGN Exp
   40    | Exp AND Exp
   41    | Exp OR Exp
   42    | Exp LT Exp
   43    | Exp LE Exp
   44    | Exp GT Exp
   45    | Exp GE Exp
   46    | Exp NE Exp
   47    | Exp EQ Exp
   48    | Exp PLUS Exp
   49    | Exp MINUS Exp
   50    | Exp MUL Exp
   51    | Exp DIV Exp
   52    | LP Exp RP
   53    | MINUS Exp
   54    | NOT Exp
   55    | ID LP Args RP
   56    | ID LP RP
   57    | Exp LB Exp RB
   58    | Exp DOT ID
   59    | ID
   60    | INT
   61    | FLOAT
   62    | CHAR
   63    | LEXERR
   64    | error

   65 Args: Exp COMMA Args
   66     | Exp


终结语词，附有它们出现处的规则

    $end (0) 0
    error (256) 20 24 38 64
    INT (258) 14 60
    FLOAT (259) 61
    CHAR (260) 62
    ID (261) 11 12 13 15 16 38 55 56 58 59
    TYPE (262) 9
    STRUCT (263) 11 12
    IF (264) 28 29
    ELSE (265) 29
    WHILE (266) 30
    RETURN (267) 27
    DOT (268) 58
    SEMI (269) 4 5 25 27 33
    COMMA (270) 8 17 35 65
    ASSIGN (271) 37 39
    LT (272) 42
    LE (273) 43
    GT (274) 44
    GE (275) 45
    NE (276) 46
    EQ (277) 47
    PLUS (278) 48
    MINUS (279) 49 53
    MUL (280) 50
    DIV (281) 51
    AND (282) 40
    OR (283) 41
    NOT (284) 54
    LP (285) 15 16 28 29 30 38 52 55 56
    RP (286) 15 16 28 29 30 52 55 56
    LB (287) 14 57
    RB (288) 14 57
    LC (289) 11 20 21
    RC (290) 11 21
    LEXERR (291) 63


非终结语词，附有它们出现处的规则

    $accept (37)
        on left: 0
    Program (38)
        on left: 1
        on right: 0
    ExtDefList (39)
        on left: 2 3
        on right: 1 2
    ExtDef (40)
        on left: 4 5 6
        on right: 2
    ExtDecList (41)
        on left: 7 8
        on right: 4 8
    Specifier (42)
        on left: 9 10
        on right: 4 5 6 19 33
    StructSpecifier (43)
        on left: 11 12
        on right: 10
    VarDec (44)
        on left: 13 14
        on right: 7 8 14 19 36 37
    FunDec (45)
        on left: 15 16
        on right: 6
    VarList (46)
        on left: 17 18
        on right: 15 17
    ParamDec (47)
        on left: 19
        on right: 17 18
    CompSt (48)
        on left: 20 21
        on right: 6 26
    StmtList (49)
        on left: 22 23
        on right: 20 21 22
    Stmt (50)
        on left: 24 25 26 27 28 29 30
        on right: 22 28 29 30
    DefList (51)
        on left: 31 32
        on right: 11 20 21 31
    Def (52)
        on left: 33
        on right: 31
    DecList (53)
        on left: 34 35
        on right: 33 35
    Dec (54)
        on left: 36 37
        on right: 34 35
    Exp (55)
        on left: 38 39 40 41 42 43 44 45 46 47 48 49 50 51 52 53 54 55 56 57 58 59 60 61 62 63 64
        on right: 24 25 27 28 29 30 37 39 40 41 42 43 44 45 46 47 48 49 50 51 52 53 54 57 58 65 66
    Args (56)
        on left: 65 66
        on right: 38 55 65


状态 0

    0 $accept: . Program $end

    TYPE    偏移，并进入状态 1
    STRUCT  偏移，并进入状态 2

    $default  使用规则 3 以归约 (ExtDefList)

    Program          转到状态 3
    ExtDefList       转到状态 4
    ExtDef           转到状态 5
    Specifier        转到状态 6
    StructSpecifier  转到状态 7


状态 1

    9 Specifier: TYPE .

    $default  使用规则 9 以归约 (Specifier)


状态 2

   11 StructSpecifier: STRUCT . ID LC DefList RC
   12                | STRUCT . ID

    ID  偏移，并进入状态 8


状态 3

    0 $accept: Program . $end

    $end  偏移，并进入状态 9


状态 4

    1 Program: ExtDefList .

    $default  使用规则 1 以归约 (Program)


状态 5

    2 ExtDefList: ExtDef . ExtDefList

    TYPE    偏移，并进入状态 1
    STRUCT  偏移，并进入状态 2

    $default  使用规则 3 以归约 (ExtDefList)

    ExtDefList       转到状态 10
    ExtDef           转到状态 5
    Specifier        转到状态 6
    StructSpecifier  转到状态 7


状态 6

    4 ExtDef: Specifier . ExtDecList SEMI
    5       | Specifier . SEMI
    6       | Specifier . FunDec CompSt

    ID    偏移，并进入状态 11
    SEMI  偏移，并进入状态 12

    ExtDecList  转到状态 13
    VarDec      转到状态 14
    FunDec      转到状态 15


状态 7

   10 Specifier: StructSpecifier .

    $default  使用规则 10 以归约 (Specifier)


状态 8

   11 StructSpecifier: STRUCT ID . LC DefList RC
   12                | STRUCT ID .

    LC  偏移，并进入状态 16

    $default  使用规则 12 以归约 (StructSpecifier)


状态 9

    0 $accept: Program $end .

    $default  接受


状态 10

    2 ExtDefList: ExtDef ExtDefList .

    $default  使用规则 2 以归约 (ExtDefList)


状态 11

   13 VarDec: ID .
   15 FunDec: ID . LP VarList RP
   16       | ID . LP RP

    LP  偏移，并进入状态 17

    $default  使用规则 13 以归约 (VarDec)


状态 12

    5 ExtDef: Specifier SEMI .

    $default  使用规则 5 以归约 (ExtDef)


状态 13

    4 ExtDef: Specifier ExtDecList . SEMI

    SEMI  偏移，并进入状态 18


状态 14

    7 ExtDecList: VarDec .
    8           | VarDec . COMMA ExtDecList
   14 VarDec: VarDec . LB INT RB

    COMMA  偏移，并进入状态 19
    LB     偏移，并进入状态 20

    $default  使用规则 7 以归约 (ExtDecList)


状态 15

    6 ExtDef: Specifier FunDec . CompSt

    LC  偏移，并进入状态 21

    CompSt  转到状态 22


状态 16

   11 StructSpecifier: STRUCT ID LC . DefList RC

    TYPE    偏移，并进入状态 1
    STRUCT  偏移，并进入状态 2

    $default  使用规则 32 以归约 (DefList)

    Specifier        转到状态 23
    StructSpecifier  转到状态 7
    DefList          转到状态 24
    Def              转到状态 25


状态 17

   15 FunDec: ID LP . VarList RP
   16       | ID LP . RP

    TYPE    偏移，并进入状态 1
    STRUCT  偏移，并进入状态 2
    RP      偏移，并进入状态 26

    Specifier        转到状态 27
    StructSpecifier  转到状态 7
    VarList          转到状态 28
    ParamDec         转到状态 29


状态 18

    4 ExtDef: Specifier ExtDecList SEMI .

    $default  使用规则 4 以归约 (ExtDef)


状态 19

    8 ExtDecList: VarDec COMMA . ExtDecList

    ID  偏移，并进入状态 30

    ExtDecList  转到状态 31
    VarDec      转到状态 14


状态 20

   14 VarDec: VarDec LB . INT RB

    INT  偏移，并进入状态 32


状态 21

   20 CompSt: LC . DefList StmtList error
   21       | LC . DefList StmtList RC

    TYPE    偏移，并进入状态 1
    STRUCT  偏移，并进入状态 2

    $default  使用规则 32 以归约 (DefList)

    Specifier        转到状态 23
    StructSpecifier  转到状态 7
    DefList          转到状态 33
    Def              转到状态 25


状态 22

    6 ExtDef: Specifier FunDec CompSt .

    $default  使用规则 6 以归约 (ExtDef)


状态 23

   33 Def: Specifier . DecList SEMI

    ID  偏移，并进入状态 30

    VarDec   转到状态 34
    DecList  转到状态 35
    Dec      转到状态 36


状态 24

   11 StructSpecifier: STRUCT ID LC DefList . RC

    RC  偏移，并进入状态 37


状态 25

   31 DefList: Def . DefList

    TYPE    偏移，并进入状态 1
    STRUCT  偏移，并进入状态 2

    $default  使用规则 32 以归约 (DefList)

    Specifier        转到状态 23
    StructSpecifier  转到状态 7
    DefList          转到状态 38
    Def              转到状态 25


状态 26

   16 FunDec: ID LP RP .

    $default  使用规则 16 以归约 (FunDec)


状态 27

   19 ParamDec: Specifier . VarDec

    ID  偏移，并进入状态 30

    VarDec  转到状态 39


状态 28

   15 FunDec: ID LP VarList . RP

    RP  偏移，并进入状态 40


状态 29

   17 VarList: ParamDec . COMMA VarList
   18        | ParamDec .

    COMMA  偏移，并进入状态 41

    $default  使用规则 18 以归约 (VarList)


状态 30

   13 VarDec: ID .

    $default  使用规则 13 以归约 (VarDec)


状态 31

    8 ExtDecList: VarDec COMMA ExtDecList .

    $default  使用规则 8 以归约 (ExtDecList)


状态 32

   14 VarDec: VarDec LB INT . RB

    RB  偏移，并进入状态 42


状态 33

   20 CompSt: LC DefList . StmtList error
   21       | LC DefList . StmtList RC

    error   偏移，并进入状态 43
    INT     偏移，并进入状态 44
    FLOAT   偏移，并进入状态 45
    CHAR    偏移，并进入状态 46
    ID      偏移，并进入状态 47
    IF      偏移，并进入状态 48
    WHILE   偏移，并进入状态 49
    RETURN  偏移，并进入状态 50
    MINUS   偏移，并进入状态 51
    NOT     偏移，并进入状态 52
    LP      偏移，并进入状态 53
    LC      偏移，并进入状态 21
    LEXERR  偏移，并进入状态 54

    error  [使用规则 23 以归约 (StmtList)]
    RC     使用规则 23 以归约 (StmtList)

    CompSt    转到状态 55
    StmtList  转到状态 56
    Stmt      转到状态 57
    Exp       转到状态 58


状态 34

   14 VarDec: VarDec . LB INT RB
   36 Dec: VarDec .
   37    | VarDec . ASSIGN Exp

    ASSIGN  偏移，并进入状态 59
    LB      偏移，并进入状态 20

    $default  使用规则 36 以归约 (Dec)


状态 35

   33 Def: Specifier DecList . SEMI

    SEMI  偏移，并进入状态 60


状态 36

   34 DecList: Dec .
   35        | Dec . COMMA DecList

    COMMA  偏移，并进入状态 61

    $default  使用规则 34 以归约 (DecList)


状态 37

   11 StructSpecifier: STRUCT ID LC DefList RC .

    $default  使用规则 11 以归约 (StructSpecifier)


状态 38

   31 DefList: Def DefList .

    $default  使用规则 31 以归约 (DefList)


状态 39

   14 VarDec: VarDec . LB INT RB
   19 ParamDec: Specifier VarDec .

    LB  偏移，并进入状态 20

    $default  使用规则 19 以归约 (ParamDec)


状态 40

   15 FunDec: ID LP VarList RP .

    $default  使用规则 15 以归约 (FunDec)


状态 41

   17 VarList: ParamDec COMMA . VarList

    TYPE    偏移，并进入状态 1
    STRUCT  偏移，并进入状态 2

    Specifier        转到状态 27
    StructSpecifier  转到状态 7
    VarList          转到状态 62
    ParamDec         转到状态 29


状态 42

   14 VarDec: VarDec LB INT RB .

    $default  使用规则 14 以归约 (VarDec)


状态 43

   64 Exp: error .

    $default  使用规则 64 以归约 (Exp)


状态 44

   60 Exp: INT .

    $default  使用规则 60 以归约 (Exp)


状态 45

   61 Exp: FLOAT .

    $default  使用规则 61 以归约 (Exp)


状态 46

   62 Exp: CHAR .

    $default  使用规则 62 以归约 (Exp)


状态 47

   38 Exp: ID . LP Args error
   55    | ID . LP Args RP
   56    | ID . LP RP
   59    | ID .

    LP  偏移，并进入状态 63

    $default  使用规则 59 以归约 (Exp)


状态 48

   28 Stmt: IF . LP Exp RP Stmt
   29     | IF . LP Exp RP Stmt ELSE Stmt

    LP  偏移，并进入状态 64


状态 49

   30 Stmt: WHILE . LP Exp RP Stmt

    LP  偏移，并进入状态 65


状态 50

   27 Stmt: RETURN . Exp SEMI

    error   偏移，并进入状态 43
    INT     偏移，并进入状态 44
    FLOAT   偏移，并进入状态 45
    CHAR    偏移，并进入状态 46
    ID      偏移，并进入状态 47
    MINUS   偏移，并进入状态 51
    NOT     偏移，并进入状态 52
    LP      偏移，并进入状态 53
    LEXERR  偏移，并进入状态 54

    Exp  转到状态 66


状态 51

   53 Exp: MINUS . Exp

    error   偏移，并进入状态 43
    INT     偏移，并进入状态 44
    FLOAT   偏移，并进入状态 45
    CHAR    偏移，并进入状态 46
    ID      偏移，并进入状态 47
    MINUS   偏移，并进入状态 51
    NOT     偏移，并进入状态 52
    LP      偏移，并进入状态 53
    LEXERR  偏移，并进入状态 54

    Exp  转到状态 67


状态 52

   54 Exp: NOT . Exp

    error   偏移，并进入状态 43
    INT     偏移，并进入状态 44
    FLOAT   偏移，并进入状态 45
    CHAR    偏移，并进入状态 46
    ID      偏移，并进入状态 47
    MINUS   偏移，并进入状态 51
    NOT     偏移，并进入状态 52
    LP      偏移，并进入状态 53
    LEXERR  偏移，并进入状态 54

    Exp  转到状态 68


状态 53

   52 Exp: LP . Exp RP

    error   偏移，并进入状态 43
    INT     偏移，并进入状态 44
    FLOAT   偏移，并进入状态 45
    CHAR    偏移，并进入状态 46
    ID      偏移，并进入状态 47
    MINUS   偏移，并进入状态 51
    NOT     偏移，并进入状态 52
    LP      偏移，并进入状态 53
    LEXERR  偏移，并进入状态 54

    Exp  转到状态 69


状态 54

   63 Exp: LEXERR .

    $default  使用规则 63 以归约 (Exp)


状态 55

   26 Stmt: CompSt .

    $default  使用规则 26 以归约 (Stmt)


状态 56

   20 CompSt: LC DefList StmtList . error
   21       | LC DefList StmtList . RC

    error  偏移，并进入状态 70
    RC     偏移，并进入状态 71


状态 57

   22 StmtList: Stmt . StmtList

    error   偏移，并进入状态 43
    INT     偏移，并进入状态 44
    FLOAT   偏移，并进入状态 45
    CHAR    偏移，并进入状态 46
    ID      偏移，并进入状态 47
    IF      偏移，并进入状态 48
    WHILE   偏移，并进入状态 49
    RETURN  偏移，并进入状态 50
    MINUS   偏移，并进入状态 51
    NOT     偏移，并进入状态 52
    LP      偏移，并进入状态 53
    LC      偏移，并进入状态 21
    LEXERR  偏移，并进入状态 54

    error  [使用规则 23 以归约 (StmtList)]
    RC     使用规则 23 以归约 (StmtList)

    CompSt    转到状态 55
    StmtList  转到状态 72
    Stmt      转到状态 57
    Exp       转到状态 58


状态 58

   24 Stmt: Exp . error
   25     | Exp . SEMI
   39 Exp: Exp . ASSIGN Exp
   40    | Exp . AND Exp
   41    | Exp . OR Exp
   42    | Exp . LT Exp
   43    | Exp . LE Exp
   44    | Exp . GT Exp
   45    | Exp . GE Exp
   46    | Exp . NE Exp
   47    | Exp . EQ Exp
   48    | Exp . PLUS Exp
   49    | Exp . MINUS Exp
   50    | Exp . MUL Exp
   51    | Exp . DIV Exp
   57    | Exp . LB Exp RB
   58    | Exp . DOT ID

    error   偏移，并进入状态 73
    DOT     偏移，并进入状态 74
    SEMI    偏移，并进入状态 75
    ASSIGN  偏移，并进入状态 76
    LT      偏移，并进入状态 77
    LE      偏移，并进入状态 78
    GT      偏移，并进入状态 79
    GE      偏移，并进入状态 80
    NE      偏移，并进入状态 81
    EQ      偏移，并进入状态 82
    PLUS    偏移，并进入状态 83
    MINUS   偏移，并进入状态 84
    MUL     偏移，并进入状态 85
    DIV     偏移，并进入状态 86
    AND     偏移，并进入状态 87
    OR      偏移，并进入状态 88
    LB      偏移，并进入状态 89


状态 59

   37 Dec: VarDec ASSIGN . Exp

    error   偏移，并进入状态 43
    INT     偏移，并进入状态 44
    FLOAT   偏移，并进入状态 45
    CHAR    偏移，并进入状态 46
    ID      偏移，并进入状态 47
    MINUS   偏移，并进入状态 51
    NOT     偏移，并进入状态 52
    LP      偏移，并进入状态 53
    LEXERR  偏移，并进入状态 54

    Exp  转到状态 90


状态 60

   33 Def: Specifier DecList SEMI .

    $default  使用规则 33 以归约 (Def)


状态 61

   35 DecList: Dec COMMA . DecList

    ID  偏移，并进入状态 30

    VarDec   转到状态 34
    DecList  转到状态 91
    Dec      转到状态 36


状态 62

   17 VarList: ParamDec COMMA VarList .

    $default  使用规则 17 以归约 (VarList)


状态 63

   38 Exp: ID LP . Args error
   55    | ID LP . Args RP
   56    | ID LP . RP

    error   偏移，并进入状态 43
    INT     偏移，并进入状态 44
    FLOAT   偏移，并进入状态 45
    CHAR    偏移，并进入状态 46
    ID      偏移，并进入状态 47
    MINUS   偏移，并进入状态 51
    NOT     偏移，并进入状态 52
    LP      偏移，并进入状态 53
    RP      偏移，并进入状态 92
    LEXERR  偏移，并进入状态 54

    Exp   转到状态 93
    Args  转到状态 94


状态 64

   28 Stmt: IF LP . Exp RP Stmt
   29     | IF LP . Exp RP Stmt ELSE Stmt

    error   偏移，并进入状态 43
    INT     偏移，并进入状态 44
    FLOAT   偏移，并进入状态 45
    CHAR    偏移，并进入状态 46
    ID      偏移，并进入状态 47
    MINUS   偏移，并进入状态 51
    NOT     偏移，并进入状态 52
    LP      偏移，并进入状态 53
    LEXERR  偏移，并进入状态 54

    Exp  转到状态 95


状态 65

   30 Stmt: WHILE LP . Exp RP Stmt

    error   偏移，并进入状态 43
    INT     偏移，并进入状态 44
    FLOAT   偏移，并进入状态 45
    CHAR    偏移，并进入状态 46
    ID      偏移，并进入状态 47
    MINUS   偏移，并进入状态 51
    NOT     偏移，并进入状态 52
    LP      偏移，并进入状态 53
    LEXERR  偏移，并进入状态 54

    Exp  转到状态 96


状态 66

   27 Stmt: RETURN Exp . SEMI
   39 Exp: Exp . ASSIGN Exp
   40    | Exp . AND Exp
   41    | Exp . OR Exp
   42    | Exp . LT Exp
   43    | Exp . LE Exp
   44    | Exp . GT Exp
   45    | Exp . GE Exp
   46    | Exp . NE Exp
   47    | Exp . EQ Exp
   48    | Exp . PLUS Exp
   49    | Exp . MINUS Exp
   50    | Exp . MUL Exp
   51    | Exp . DIV Exp
   57    | Exp . LB Exp RB
   58    | Exp . DOT ID

    DOT     偏移，并进入状态 74
    SEMI    偏移，并进入状态 97
    ASSIGN  偏移，并进入状态 76
    LT      偏移，并进入状态 77
    LE      偏移，并进入状态 78
    GT      偏移，并进入状态 79
    GE      偏移，并进入状态 80
    NE      偏移，并进入状态 81
    EQ      偏移，并进入状态 82
    PLUS    偏移，并进入状态 83
    MINUS   偏移，并进入状态 84
    MUL     偏移，并进入状态 85
    DIV     偏移，并进入状态 86
    AND     偏移，并进入状态 87
    OR      偏移，并进入状态 88
    LB      偏移，并进入状态 89


状态 67

   39 Exp: Exp . ASSIGN Exp
   40    | Exp . AND Exp
   41    | Exp . OR Exp
   42    | Exp . LT Exp
   43    | Exp . LE Exp
   44    | Exp . GT Exp
   45    | Exp . GE Exp
   46    | Exp . NE Exp
   47    | Exp . EQ Exp
   48    | Exp . PLUS Exp
   49    | Exp . MINUS Exp
   50    | Exp . MUL Exp
   51    | Exp . DIV Exp
   53    | MINUS Exp .
   57    | Exp . LB Exp RB
   58    | Exp . DOT ID

    DOT  偏移，并进入状态 74
    MUL  偏移，并进入状态 85
    DIV  偏移，并进入状态 86
    LB   偏移，并进入状态 89

    $default  使用规则 53 以归约 (Exp)


状态 68

   39 Exp: Exp . ASSIGN Exp
   40    | Exp . AND Exp
   41    | Exp . OR Exp
   42    | Exp . LT Exp
   43    | Exp . LE Exp
   44    | Exp . GT Exp
   45    | Exp . GE Exp
   46    | Exp . NE Exp
   47    | Exp . EQ Exp
   48    | Exp . PLUS Exp
   49    | Exp . MINUS Exp
   50    | Exp . MUL Exp
   51    | Exp . DIV Exp
   54    | NOT Exp .
   57    | Exp . LB Exp RB
   58    | Exp . DOT ID

    DOT  偏移，并进入状态 74
    LB   偏移，并进入状态 89

    $default  使用规则 54 以归约 (Exp)


状态 69

   39 Exp: Exp . ASSIGN Exp
   40    | Exp . AND Exp
   41    | Exp . OR Exp
   42    | Exp . LT Exp
   43    | Exp . LE Exp
   44    | Exp . GT Exp
   45    | Exp . GE Exp
   46    | Exp . NE Exp
   47    | Exp . EQ Exp
   48    | Exp . PLUS Exp
   49    | Exp . MINUS Exp
   50    | Exp . MUL Exp
   51    | Exp . DIV Exp
   52    | LP Exp . RP
   57    | Exp . LB Exp RB
   58    | Exp . DOT ID

    DOT     偏移，并进入状态 74
    ASSIGN  偏移，并进入状态 76
    LT      偏移，并进入状态 77
    LE      偏移，并进入状态 78
    GT      偏移，并进入状态 79
    GE      偏移，并进入状态 80
    NE      偏移，并进入状态 81
    EQ      偏移，并进入状态 82
    PLUS    偏移，并进入状态 83
    MINUS   偏移，并进入状态 84
    MUL     偏移，并进入状态 85
    DIV     偏移，并进入状态 86
    AND     偏移，并进入状态 87
    OR      偏移，并进入状态 88
    RP      偏移，并进入状态 98
    LB      偏移，并进入状态 89


状态 70

   20 CompSt: LC DefList StmtList error .

    $default  使用规则 20 以归约 (CompSt)


状态 71

   21 CompSt: LC DefList StmtList RC .

    $default  使用规则 21 以归约 (CompSt)


状态 72

   22 StmtList: Stmt StmtList .

    $default  使用规则 22 以归约 (StmtList)


状态 73

   24 Stmt: Exp error .

    $default  使用规则 24 以归约 (Stmt)


状态 74

   58 Exp: Exp DOT . ID

    ID  偏移，并进入状态 99


状态 75

   25 Stmt: Exp SEMI .

    $default  使用规则 25 以归约 (Stmt)


状态 76

   39 Exp: Exp ASSIGN . Exp

    error   偏移，并进入状态 43
    INT     偏移，并进入状态 44
    FLOAT   偏移，并进入状态 45
    CHAR    偏移，并进入状态 46
    ID      偏移，并进入状态 47
    MINUS   偏移，并进入状态 51
    NOT     偏移，并进入状态 52
    LP      偏移，并进入状态 53
    LEXERR  偏移，并进入状态 54

    Exp  转到状态 100


状态 77

   42 Exp: Exp LT . Exp

    error   偏移，并进入状态 43
    INT     偏移，并进入状态 44
    FLOAT   偏移，并进入状态 45
    CHAR    偏移，并进入状态 46
    ID      偏移，并进入状态 47
    MINUS   偏移，并进入状态 51
    NOT     偏移，并进入状态 52
    LP      偏移，并进入状态 53
    LEXERR  偏移，并进入状态 54

    Exp  转到状态 101


状态 78

   43 Exp: Exp LE . Exp

    error   偏移，并进入状态 43
    INT     偏移，并进入状态 44
    FLOAT   偏移，并进入状态 45
    CHAR    偏移，并进入状态 46
    ID      偏移，并进入状态 47
    MINUS   偏移，并进入状态 51
    NOT     偏移，并进入状态 52
    LP      偏移，并进入状态 53
    LEXERR  偏移，并进入状态 54

    Exp  转到状态 102


状态 79

   44 Exp: Exp GT . Exp

    error   偏移，并进入状态 43
    INT     偏移，并进入状态 44
    FLOAT   偏移，并进入状态 45
    CHAR    偏移，并进入状态 46
    ID      偏移，并进入状态 47
    MINUS   偏移，并进入状态 51
    NOT     偏移，并进入状态 52
    LP      偏移，并进入状态 53
    LEXERR  偏移，并进入状态 54

    Exp  转到状态 103


状态 80

   45 Exp: Exp GE . Exp

    error   偏移，并进入状态 43
    INT     偏移，并进入状态 44
    FLOAT   偏移，并进入状态 45
    CHAR    偏移，并进入状态 46
    ID      偏移，并进入状态 47
    MINUS   偏移，并进入状态 51
    NOT     偏移，并进入状态 52
    LP      偏移，并进入状态 53
    LEXERR  偏移，并进入状态 54

    Exp  转到状态 104


状态 81

   46 Exp: Exp NE . Exp

    error   偏移，并进入状态 43
    INT     偏移，并进入状态 44
    FLOAT   偏移，并进入状态 45
    CHAR    偏移，并进入状态 46
    ID      偏移，并进入状态 47
    MINUS   偏移，并进入状态 51
    NOT     偏移，并进入状态 52
    LP      偏移，并进入状态 53
    LEXERR  偏移，并进入状态 54

    Exp  转到状态 105


状态 82

   47 Exp: Exp EQ . Exp

    error   偏移，并进入状态 43
    INT     偏移，并进入状态 44
    FLOAT   偏移，并进入状态 45
    CHAR    偏移，并进入状态 46
    ID      偏移，并进入状态 47
    MINUS   偏移，并进入状态 51
    NOT     偏移，并进入状态 52
    LP      偏移，并进入状态 53
    LEXERR  偏移，并进入状态 54

    Exp  转到状态 106


状态 83

   48 Exp: Exp PLUS . Exp

    error   偏移，并进入状态 43
    INT     偏移，并进入状态 44
    FLOAT   偏移，并进入状态 45
    CHAR    偏移，并进入状态 46
    ID      偏移，并进入状态 47
    MINUS   偏移，并进入状态 51
    NOT     偏移，并进入状态 52
    LP      偏移，并进入状态 53
    LEXERR  偏移，并进入状态 54

    Exp  转到状态 107


状态 84

   49 Exp: Exp MINUS . Exp

    error   偏移，并进入状态 43
    INT     偏移，并进入状态 44
    FLOAT   偏移，并进入状态 45
    CHAR    偏移，并进入状态 46
    ID      偏移，并进入状态 47
    MINUS   偏移，并进入状态 51
    NOT     偏移，并进入状态 52
    LP      偏移，并进入状态 53
    LEXERR  偏移，并进入状态 54

    Exp  转到状态 108


状态 85

   50 Exp: Exp MUL . Exp

    error   偏移，并进入状态 43
    INT     偏移，并进入状态 44
    FLOAT   偏移，并进入状态 45
    CHAR    偏移，并进入状态 46
    ID      偏移，并进入状态 47
    MINUS   偏移，并进入状态 51
    NOT     偏移，并进入状态 52
    LP      偏移，并进入状态 53
    LEXERR  偏移，并进入状态 54

    Exp  转到状态 109


状态 86

   51 Exp: Exp DIV . Exp

    error   偏移，并进入状态 43
    INT     偏移，并进入状态 44
    FLOAT   偏移，并进入状态 45
    CHAR    偏移，并进入状态 46
    ID      偏移，并进入状态 47
    MINUS   偏移，并进入状态 51
    NOT     偏移，并进入状态 52
    LP      偏移，并进入状态 53
    LEXERR  偏移，并进入状态 54

    Exp  转到状态 110


状态 87

   40 Exp: Exp AND . Exp

    error   偏移，并进入状态 43
    INT     偏移，并进入状态 44
    FLOAT   偏移，并进入状态 45
    CHAR    偏移，并进入状态 46
    ID      偏移，并进入状态 47
    MINUS   偏移，并进入状态 51
    NOT     偏移，并进入状态 52
    LP      偏移，并进入状态 53
    LEXERR  偏移，并进入状态 54

    Exp  转到状态 111


状态 88

   41 Exp: Exp OR . Exp

    error   偏移，并进入状态 43
    INT     偏移，并进入状态 44
    FLOAT   偏移，并进入状态 45
    CHAR    偏移，并进入状态 46
    ID      偏移，并进入状态 47
    MINUS   偏移，并进入状态 51
    NOT     偏移，并进入状态 52
    LP      偏移，并进入状态 53
    LEXERR  偏移，并进入状态 54

    Exp  转到状态 112


状态 89

   57 Exp: Exp LB . Exp RB

    error   偏移，并进入状态 43
    INT     偏移，并进入状态 44
    FLOAT   偏移，并进入状态 45
    CHAR    偏移，并进入状态 46
    ID      偏移，并进入状态 47
    MINUS   偏移，并进入状态 51
    NOT     偏移，并进入状态 52
    LP      偏移，并进入状态 53
    LEXERR  偏移，并进入状态 54

    Exp  转到状态 113


状态 90

   37 Dec: VarDec ASSIGN Exp .
   39 Exp: Exp . ASSIGN Exp
   40    | Exp . AND Exp
   41    | Exp . OR Exp
   42    | Exp . LT Exp
   43    | Exp . LE Exp
   44    | Exp . GT Exp
   45    | Exp . GE Exp
   46    | Exp . NE Exp
   47    | Exp . EQ Exp
   48    | Exp . PLUS Exp
   49    | Exp . MINUS Exp
   50    | Exp . MUL Exp
   51    | Exp . DIV Exp
   57    | Exp . LB Exp RB
   58    | Exp . DOT ID

    DOT     偏移，并进入状态 74
    ASSIGN  偏移，并进入状态 76
    LT      偏移，并进入状态 77
    LE      偏移，并进入状态 78
    GT      偏移，并进入状态 79
    GE      偏移，并进入状态 80
    NE      偏移，并进入状态 81
    EQ      偏移，并进入状态 82
    PLUS    偏移，并进入状态 83
    MINUS   偏移，并进入状态 84
    MUL     偏移，并进入状态 85
    DIV     偏移，并进入状态 86
    AND     偏移，并进入状态 87
    OR      偏移，并进入状态 88
    LB      偏移，并进入状态 89

    $default  使用规则 37 以归约 (Dec)


状态 91

   35 DecList: Dec COMMA DecList .

    $default  使用规则 35 以归约 (DecList)


状态 92

   56 Exp: ID LP RP .

    $default  使用规则 56 以归约 (Exp)


状态 93

   39 Exp: Exp . ASSIGN Exp
   40    | Exp . AND Exp
   41    | Exp . OR Exp
   42    | Exp . LT Exp
   43    | Exp . LE Exp
   44    | Exp . GT Exp
   45    | Exp . GE Exp
   46    | Exp . NE Exp
   47    | Exp . EQ Exp
   48    | Exp . PLUS Exp
   49    | Exp . MINUS Exp
   50    | Exp . MUL Exp
   51    | Exp . DIV Exp
   57    | Exp . LB Exp RB
   58    | Exp . DOT ID
   65 Args: Exp . COMMA Args
   66     | Exp .

    DOT     偏移，并进入状态 74
    COMMA   偏移，并进入状态 114
    ASSIGN  偏移，并进入状态 76
    LT      偏移，并进入状态 77
    LE      偏移，并进入状态 78
    GT      偏移，并进入状态 79
    GE      偏移，并进入状态 80
    NE      偏移，并进入状态 81
    EQ      偏移，并进入状态 82
    PLUS    偏移，并进入状态 83
    MINUS   偏移，并进入状态 84
    MUL     偏移，并进入状态 85
    DIV     偏移，并进入状态 86
    AND     偏移，并进入状态 87
    OR      偏移，并进入状态 88
    LB      偏移，并进入状态 89

    $default  使用规则 66 以归约 (Args)


状态 94

   38 Exp: ID LP Args . error
   55    | ID LP Args . RP

    error  偏移，并进入状态 115
    RP     偏移，并进入状态 116


状态 95

   28 Stmt: IF LP Exp . RP Stmt
   29     | IF LP Exp . RP Stmt ELSE Stmt
   39 Exp: Exp . ASSIGN Exp
   40    | Exp . AND Exp
   41    | Exp . OR Exp
   42    | Exp . LT Exp
   43    | Exp . LE Exp
   44    | Exp . GT Exp
   45    | Exp . GE Exp
   46    | Exp . NE Exp
   47    | Exp . EQ Exp
   48    | Exp . PLUS Exp
   49    | Exp . MINUS Exp
   50    | Exp . MUL Exp
   51    | Exp . DIV Exp
   57    | Exp . LB Exp RB
   58    | Exp . DOT ID

    DOT     偏移，并进入状态 74
    ASSIGN  偏移，并进入状态 76
    LT      偏移，并进入状态 77
    LE      偏移，并进入状态 78
    GT      偏移，并进入状态 79
    GE      偏移，并进入状态 80
    NE      偏移，并进入状态 81
    EQ      偏移，并进入状态 82
    PLUS    偏移，并进入状态 83
    MINUS   偏移，并进入状态 84
    MUL     偏移，并进入状态 85
    DIV     偏移，并进入状态 86
    AND     偏移，并进入状态 87
    OR      偏移，并进入状态 88
    RP      偏移，并进入状态 117
    LB      偏移，并进入状态 89


状态 96

   30 Stmt: WHILE LP Exp . RP Stmt
   39 Exp: Exp . ASSIGN Exp
   40    | Exp . AND Exp
   41    | Exp . OR Exp
   42    | Exp . LT Exp
   43    | Exp . LE Exp
   44    | Exp . GT Exp
   45    | Exp . GE Exp
   46    | Exp . NE Exp
   47    | Exp . EQ Exp
   48    | Exp . PLUS Exp
   49    | Exp . MINUS Exp
   50    | Exp . MUL Exp
   51    | Exp . DIV Exp
   57    | Exp . LB Exp RB
   58    | Exp . DOT ID

    DOT     偏移，并进入状态 74
    ASSIGN  偏移，并进入状态 76
    LT      偏移，并进入状态 77
    LE      偏移，并进入状态 78
    GT      偏移，并进入状态 79
    GE      偏移，并进入状态 80
    NE      偏移，并进入状态 81
    EQ      偏移，并进入状态 82
    PLUS    偏移，并进入状态 83
    MINUS   偏移，并进入状态 84
    MUL     偏移，并进入状态 85
    DIV     偏移，并进入状态 86
    AND     偏移，并进入状态 87
    OR      偏移，并进入状态 88
    RP      偏移，并进入状态 118
    LB      偏移，并进入状态 89


状态 97

   27 Stmt: RETURN Exp SEMI .

    $default  使用规则 27 以归约 (Stmt)


状态 98

   52 Exp: LP Exp RP .

    $default  使用规则 52 以归约 (Exp)


状态 99

   58 Exp: Exp DOT ID .

    $default  使用规则 58 以归约 (Exp)


状态 100

   39 Exp: Exp . ASSIGN Exp
   39    | Exp ASSIGN Exp .
   40    | Exp . AND Exp
   41    | Exp . OR Exp
   42    | Exp . LT Exp
   43    | Exp . LE Exp
   44    | Exp . GT Exp
   45    | Exp . GE Exp
   46    | Exp . NE Exp
   47    | Exp . EQ Exp
   48    | Exp . PLUS Exp
   49    | Exp . MINUS Exp
   50    | Exp . MUL Exp
   51    | Exp . DIV Exp
   57    | Exp . LB Exp RB
   58    | Exp . DOT ID

    DOT     偏移，并进入状态 74
    ASSIGN  偏移，并进入状态 76
    LT      偏移，并进入状态 77
    LE      偏移，并进入状态 78
    GT      偏移，并进入状态 79
    GE      偏移，并进入状态 80
    NE      偏移，并进入状态 81
    EQ      偏移，并进入状态 82
    PLUS    偏移，并进入状态 83
    MINUS   偏移，并进入状态 84
    MUL     偏移，并进入状态 85
    DIV     偏移，并进入状态 86
    AND     偏移，并进入状态 87
    OR      偏移，并进入状态 88
    LB      偏移，并进入状态 89

    $default  使用规则 39 以归约 (Exp)


状态 101

   39 Exp: Exp . ASSIGN Exp
   40    | Exp . AND Exp
   41    | Exp . OR Exp
   42    | Exp . LT Exp
   42    | Exp LT Exp .
   43    | Exp . LE Exp
   44    | Exp . GT Exp
   45    | Exp . GE Exp
   46    | Exp . NE Exp
   47    | Exp . EQ Exp
   48    | Exp . PLUS Exp
   49    | Exp . MINUS Exp
   50    | Exp . MUL Exp
   51    | Exp . DIV Exp
   57    | Exp . LB Exp RB
   58    | Exp . DOT ID

    DOT    偏移，并进入状态 74
    PLUS   偏移，并进入状态 83
    MINUS  偏移，并进入状态 84
    MUL    偏移，并进入状态 85
    DIV    偏移，并进入状态 86
    LB     偏移，并进入状态 89

    $default  使用规则 42 以归约 (Exp)


状态 102

   39 Exp: Exp . ASSIGN Exp
   40    | Exp . AND Exp
   41    | Exp . OR Exp
   42    | Exp . LT Exp
   43    | Exp . LE Exp
   43    | Exp LE Exp .
   44    | Exp . GT Exp
   45    | Exp . GE Exp
   46    | Exp . NE Exp
   47    | Exp . EQ Exp
   48    | Exp . PLUS Exp
   49    | Exp . MINUS Exp
   50    | Exp . MUL Exp
   51    | Exp . DIV Exp
   57    | Exp . LB Exp RB
   58    | Exp . DOT ID

    DOT    偏移，并进入状态 74
    PLUS   偏移，并进入状态 83
    MINUS  偏移，并进入状态 84
    MUL    偏移，并进入状态 85
    DIV    偏移，并进入状态 86
    LB     偏移，并进入状态 89

    $default  使用规则 43 以归约 (Exp)


状态 103

   39 Exp: Exp . ASSIGN Exp
   40    | Exp . AND Exp
   41    | Exp . OR Exp
   42    | Exp . LT Exp
   43    | Exp . LE Exp
   44    | Exp . GT Exp
   44    | Exp GT Exp .
   45    | Exp . GE Exp
   46    | Exp . NE Exp
   47    | Exp . EQ Exp
   48    | Exp . PLUS Exp
   49    | Exp . MINUS Exp
   50    | Exp . MUL Exp
   51    | Exp . DIV Exp
   57    | Exp . LB Exp RB
   58    | Exp . DOT ID

    DOT    偏移，并进入状态 74
    PLUS   偏移，并进入状态 83
    MINUS  偏移，并进入状态 84
    MUL    偏移，并进入状态 85
    DIV    偏移，并进入状态 86
    LB     偏移，并进入状态 89

    $default  使用规则 44 以归约 (Exp)


状态 104

   39 Exp: Exp . ASSIGN Exp
   40    | Exp . AND Exp
   41    | Exp . OR Exp
   42    | Exp . LT Exp
   43    | Exp . LE Exp
   44    | Exp . GT Exp
   45    | Exp . GE Exp
   45    | Exp GE Exp .
   46    | Exp . NE Exp
   47    | Exp . EQ Exp
   48    | Exp . PLUS Exp
   49    | Exp . MINUS Exp
   50    | Exp . MUL Exp
   51    | Exp . DIV Exp
   57    | Exp . LB Exp RB
   58    | Exp . DOT ID

    DOT    偏移，并进入状态 74
    PLUS   偏移，并进入状态 83
    MINUS  偏移，并进入状态 84
    MUL    偏移，并进入状态 85
    DIV    偏移，并进入状态 86
    LB     偏移，并进入状态 89

    $default  使用规则 45 以归约 (Exp)


状态 105

   39 Exp: Exp . ASSIGN Exp
   40    | Exp . AND Exp
   41    | Exp . OR Exp
   42    | Exp . LT Exp
   43    | Exp . LE Exp
   44    | Exp . GT Exp
   45    | Exp . GE Exp
   46    | Exp . NE Exp
   46    | Exp NE Exp .
   47    | Exp . EQ Exp
   48    | Exp . PLUS Exp
   49    | Exp . MINUS Exp
   50    | Exp . MUL Exp
   51    | Exp . DIV Exp
   57    | Exp . LB Exp RB
   58    | Exp . DOT ID

    DOT    偏移，并进入状态 74
    PLUS   偏移，并进入状态 83
    MINUS  偏移，并进入状态 84
    MUL    偏移，并进入状态 85
    DIV    偏移，并进入状态 86
    LB     偏移，并进入状态 89

    $default  使用规则 46 以归约 (Exp)


状态 106

   39 Exp: Exp . ASSIGN Exp
   40    | Exp . AND Exp
   41    | Exp . OR Exp
   42    | Exp . LT Exp
   43    | Exp . LE Exp
   44    | Exp . GT Exp
   45    | Exp . GE Exp
   46    | Exp . NE Exp
   47    | Exp . EQ Exp
   47    | Exp EQ Exp .
   48    | Exp . PLUS Exp
   49    | Exp . MINUS Exp
   50    | Exp . MUL Exp
   51    | Exp . DIV Exp
   57    | Exp . LB Exp RB
   58    | Exp . DOT ID

    DOT    偏移，并进入状态 74
    PLUS   偏移，并进入状态 83
    MINUS  偏移，并进入状态 84
    MUL    偏移，并进入状态 85
    DIV    偏移，并进入状态 86
    LB     偏移，并进入状态 89

    $default  使用规则 47 以归约 (Exp)


状态 107

   39 Exp: Exp . ASSIGN Exp
   40    | Exp . AND Exp
   41    | Exp . OR Exp
   42    | Exp . LT Exp
   43    | Exp . LE Exp
   44    | Exp . GT Exp
   45    | Exp . GE Exp
   46    | Exp . NE Exp
   47    | Exp . EQ Exp
   48    | Exp . PLUS Exp
   48    | Exp PLUS Exp .
   49    | Exp . MINUS Exp
   50    | Exp . MUL Exp
   51    | Exp . DIV Exp
   57    | Exp . LB Exp RB
   58    | Exp . DOT ID

    DOT  偏移，并进入状态 74
    MUL  偏移，并进入状态 85
    DIV  偏移，并进入状态 86
    LB   偏移，并进入状态 89

    $default  使用规则 48 以归约 (Exp)


状态 108

   39 Exp: Exp . ASSIGN Exp
   40    | Exp . AND Exp
   41    | Exp . OR Exp
   42    | Exp . LT Exp
   43    | Exp . LE Exp
   44    | Exp . GT Exp
   45    | Exp . GE Exp
   46    | Exp . NE Exp
   47    | Exp . EQ Exp
   48    | Exp . PLUS Exp
   49    | Exp . MINUS Exp
   49    | Exp MINUS Exp .
   50    | Exp . MUL Exp
   51    | Exp . DIV Exp
   57    | Exp . LB Exp RB
   58    | Exp . DOT ID

    DOT  偏移，并进入状态 74
    MUL  偏移，并进入状态 85
    DIV  偏移，并进入状态 86
    LB   偏移，并进入状态 89

    $default  使用规则 49 以归约 (Exp)


状态 109

   39 Exp: Exp . ASSIGN Exp
   40    | Exp . AND Exp
   41    | Exp . OR Exp
   42    | Exp . LT Exp
   43    | Exp . LE Exp
   44    | Exp . GT Exp
   45    | Exp . GE Exp
   46    | Exp . NE Exp
   47    | Exp . EQ Exp
   48    | Exp . PLUS Exp
   49    | Exp . MINUS Exp
   50    | Exp . MUL Exp
   50    | Exp MUL Exp .
   51    | Exp . DIV Exp
   57    | Exp . LB Exp RB
   58    | Exp . DOT ID

    DOT  偏移，并进入状态 74
    LB   偏移，并进入状态 89

    $default  使用规则 50 以归约 (Exp)


状态 110

   39 Exp: Exp . ASSIGN Exp
   40    | Exp . AND Exp
   41    | Exp . OR Exp
   42    | Exp . LT Exp
   43    | Exp . LE Exp
   44    | Exp . GT Exp
   45    | Exp . GE Exp
   46    | Exp . NE Exp
   47    | Exp . EQ Exp
   48    | Exp . PLUS Exp
   49    | Exp . MINUS Exp
   50    | Exp . MUL Exp
   51    | Exp . DIV Exp
   51    | Exp DIV Exp .
   57    | Exp . LB Exp RB
   58    | Exp . DOT ID

    DOT  偏移，并进入状态 74
    LB   偏移，并进入状态 89

    $default  使用规则 51 以归约 (Exp)


状态 111

   39 Exp: Exp . ASSIGN Exp
   40    | Exp . AND Exp
   40    | Exp AND Exp .
   41    | Exp . OR Exp
   42    | Exp . LT Exp
   43    | Exp . LE Exp
   44    | Exp . GT Exp
   45    | Exp . GE Exp
   46    | Exp . NE Exp
   47    | Exp . EQ Exp
   48    | Exp . PLUS Exp
   49    | Exp . MINUS Exp
   50    | Exp . MUL Exp
   51    | Exp . DIV Exp
   57    | Exp . LB Exp RB
   58    | Exp . DOT ID

    DOT    偏移，并进入状态 74
    LT     偏移，并进入状态 77
    LE     偏移，并进入状态 78
    GT     偏移，并进入状态 79
    GE     偏移，并进入状态 80
    NE     偏移，并进入状态 81
    EQ     偏移，并进入状态 82
    PLUS   偏移，并进入状态 83
    MINUS  偏移，并进入状态 84
    MUL    偏移，并进入状态 85
    DIV    偏移，并进入状态 86
    LB     偏移，并进入状态 89

    $default  使用规则 40 以归约 (Exp)


状态 112

   39 Exp: Exp . ASSIGN Exp
   40    | Exp . AND Exp
   41    | Exp . OR Exp
   41    | Exp OR Exp .
   42    | Exp . LT Exp
   43    | Exp . LE Exp
   44    | Exp . GT Exp
   45    | Exp . GE Exp
   46    | Exp . NE Exp
   47    | Exp . EQ Exp
   48    | Exp . PLUS Exp
   49    | Exp . MINUS Exp
   50    | Exp . MUL Exp
   51    | Exp . DIV Exp
   57    | Exp . LB Exp RB
   58    | Exp . DOT ID

    DOT    偏移，并进入状态 74
    LT     偏移，并进入状态 77
    LE     偏移，并进入状态 78
    GT     偏移，并进入状态 79
    GE     偏移，并进入状态 80
    NE     偏移，并进入状态 81
    EQ     偏移，并进入状态 82
    PLUS   偏移，并进入状态 83
    MINUS  偏移，并进入状态 84
    MUL    偏移，并进入状态 85
    DIV    偏移，并进入状态 86
    AND    偏移，并进入状态 87
    LB     偏移，并进入状态 89

    $default  使用规则 41 以归约 (Exp)


状态 113

   39 Exp: Exp . ASSIGN Exp
   40    | Exp . AND Exp
   41    | Exp . OR Exp
   42    | Exp . LT Exp
   43    | Exp . LE Exp
   44    | Exp . GT Exp
   45    | Exp . GE Exp
   46    | Exp . NE Exp
   47    | Exp . EQ Exp
   48    | Exp . PLUS Exp
   49    | Exp . MINUS Exp
   50    | Exp . MUL Exp
   51    | Exp . DIV Exp
   57    | Exp . LB Exp RB
   57    | Exp LB Exp . RB
   58    | Exp . DOT ID

    DOT     偏移，并进入状态 74
    ASSIGN  偏移，并进入状态 76
    LT      偏移，并进入状态 77
    LE      偏移，并进入状态 78
    GT      偏移，并进入状态 79
    GE      偏移，并进入状态 80
    NE      偏移，并进入状态 81
    EQ      偏移，并进入状态 82
    PLUS    偏移，并进入状态 83
    MINUS   偏移，并进入状态 84
    MUL     偏移，并进入状态 85
    DIV     偏移，并进入状态 86
    AND     偏移，并进入状态 87
    OR      偏移，并进入状态 88
    LB      偏移，并进入状态 89
    RB      偏移，并进入状态 119


状态 114

   65 Args: Exp COMMA . Args

    error   偏移，并进入状态 43
    INT     偏移，并进入状态 44
    FLOAT   偏移，并进入状态 45
    CHAR    偏移，并进入状态 46
    ID      偏移，并进入状态 47
    MINUS   偏移，并进入状态 51
    NOT     偏移，并进入状态 52
    LP      偏移，并进入状态 53
    LEXERR  偏移，并进入状态 54

    Exp   转到状态 93
    Args  转到状态 120


状态 115

   38 Exp: ID LP Args error .

    $default  使用规则 38 以归约 (Exp)


状态 116

   55 Exp: ID LP Args RP .

    $default  使用规则 55 以归约 (Exp)


状态 117

   28 Stmt: IF LP Exp RP . Stmt
   29     | IF LP Exp RP . Stmt ELSE Stmt

    error   偏移，并进入状态 43
    INT     偏移，并进入状态 44
    FLOAT   偏移，并进入状态 45
    CHAR    偏移，并进入状态 46
    ID      偏移，并进入状态 47
    IF      偏移，并进入状态 48
    WHILE   偏移，并进入状态 49
    RETURN  偏移，并进入状态 50
    MINUS   偏移，并进入状态 51
    NOT     偏移，并进入状态 52
    LP      偏移，并进入状态 53
    LC      偏移，并进入状态 21
    LEXERR  偏移，并进入状态 54

    CompSt  转到状态 55
    Stmt    转到状态 121
    Exp     转到状态 58


状态 118

   30 Stmt: WHILE LP Exp RP . Stmt

    error   偏移，并进入状态 43
    INT     偏移，并进入状态 44
    FLOAT   偏移，并进入状态 45
    CHAR    偏移，并进入状态 46
    ID      偏移，并进入状态 47
    IF      偏移，并进入状态 48
    WHILE   偏移，并进入状态 49
    RETURN  偏移，并进入状态 50
    MINUS   偏移，并进入状态 51
    NOT     偏移，并进入状态 52
    LP      偏移，并进入状态 53
    LC      偏移，并进入状态 21
    LEXERR  偏移，并进入状态 54

    CompSt  转到状态 55
    Stmt    转到状态 122
    Exp     转到状态 58


状态 119

   57 Exp: Exp LB Exp RB .

    $default  使用规则 57 以归约 (Exp)


状态 120

   65 Args: Exp COMMA Args .

    $default  使用规则 65 以归约 (Args)


状态 121

   28 Stmt: IF LP Exp RP Stmt .
   29     | IF LP Exp RP Stmt . ELSE Stmt

    ELSE  偏移，并进入状态 123

    ELSE      [使用规则 28 以归约 (Stmt)]
    $default  使用规则 28 以归约 (Stmt)


状态 122

   30 Stmt: WHILE LP Exp RP Stmt .

    $default  使用规则 30 以归约 (Stmt)


状态 123

   29 Stmt: IF LP Exp RP Stmt ELSE . Stmt

    error   偏移，并进入状态 43
    INT     偏移，并进入状态 44
    FLOAT   偏移，并进入状态 45
    CHAR    偏移，并进入状态 46
    ID      偏移，并进入状态 47
    IF      偏移，并进入状态 48
    WHILE   偏移，并进入状态 49
    RETURN  偏移，并进入状态 50
    MINUS   偏移，并进入状态 51
    NOT     偏移，并进入状态 52
    LP      偏移，并进入状态 53
    LC      偏移，并进入状态 21
    LEXERR  偏移，并进入状态 54

    CompSt  转到状态 55
    Stmt    转到状态 124
    Exp     转到状态 58


状态 124

   29 Stmt: IF LP Exp RP Stmt ELSE Stmt .

    $default  使用规则 29 以归约 (Stmt)
