状态 155冲突：1 项偏移/归约


语法

    0 $accept: Program $end

    1 Program: ExtDefList

    2 ExtDefList: ExtDef ExtDefList
    3           | %empty

    4 ExtDef: Specifier ExtDecList error
    5       | Specifier error
    6       | Specifier ExtDecList SEMI
    7       | Specifier SEMI
    8       | Specifier FunDec CompSt

    9 ExtDecList: VarDec
   10           | VarDec COMMA ExtDecList

   11 Specifier: TYPE
   12          | StructSpecifier

   13 StructSpecifier: STRUCT ID LC DefList RC
   14                | STRUCT LEXERR LC DefList RC
   15                | STRUCT ID
   16                | STRUCT LEXERR

   17 VarDec: ID
   18       | LEXERR
   19       | VarDec LB INT RB

   20 FunDec: ID LP error
   21       | ID LP VarList error
   22       | ID LP VarList RP
   23       | LEXERR LP VarList RP
   24       | ID LP RP
   25       | LEXERR LP RP

   26 VarList: ParamDec COMMA VarList
   27        | ParamDec

   28 ParamDec: Specifier VarDec

   29 CompSt: LC DefList StmtList error
   30       | LC DefList StmtList RC

   31 StmtList: Stmt StmtList
   32         | %empty

   33 Stmt: Exp error
   34     | Exp SEMI
   35     | CompSt
   36     | RETURN Exp error
   37     | RETURN Exp SEMI
   38     | IF LP Exp RP Stmt
   39     | IF LP Exp RP Stmt ELSE Stmt
   40     | WHILE LP Exp RP Stmt
   41     | FOR LP ForExps RP Stmt

   42 DefList: Def DefList
   43        | %empty

   44 Def: Specifier DecList error
   45    | Specifier DecList SEMI

   46 DecList: Dec
   47        | Dec COMMA DecList

   48 Dec: VarDec
   49    | VarDec ASSIGN Exp

   50 Exp: ID LP Args error
   51    | ID LP error
   52    | LEXERR LP Args error
   53    | Exp LEXERR Exp
   54    | Exp ASSIGN Exp
   55    | Exp AND Exp
   56    | Exp OR Exp
   57    | Exp LT Exp
   58    | Exp LE Exp
   59    | Exp GT Exp
   60    | Exp GE Exp
   61    | Exp NE Exp
   62    | Exp EQ Exp
   63    | Exp PLUS Exp
   64    | Exp MINUS Exp
   65    | Exp MUL Exp
   66    | Exp DIV Exp
   67    | LP Exp RP
   68    | MINUS Exp
   69    | NOT Exp
   70    | ID LP Args RP
   71    | LEXERR LP Args RP
   72    | ID LP RP
   73    | LEXERR LP RP
   74    | Exp LB Exp RB
   75    | Exp DOT ID
   76    | Exp DOT LEXERR
   77    | ID
   78    | INT
   79    | FLOAT
   80    | CHAR
   81    | LEXERR

   82 Args: Exp COMMA Args
   83     | Exp

   84 ForExps: Def Exp SEMI Exp
   85        | SEMI Exp SEMI Exp
   86        | Def SEMI Exp
   87        | Def Exp SEMI
   88        | SEMI Exp SEMI
   89        | Def SEMI
   90        | SEMI SEMI Exp
   91        | SEMI SEMI


终结语词，附有它们出现处的规则

    $end (0) 0
    error (256) 4 5 20 21 29 33 36 44 50 51 52
    INT (258) 19 78
    FLOAT (259) 79
    CHAR (260) 80
    ID (261) 13 15 17 20 21 22 24 50 51 70 72 75 77
    TYPE (262) 11
    STRUCT (263) 13 14 15 16
    IF (264) 38 39
    ELSE (265) 39
    WHILE (266) 40
    RETURN (267) 36 37
    DOT (268) 75 76
    SEMI (269) 6 7 34 37 45 84 85 86 87 88 89 90 91
    COMMA (270) 10 26 47 82
    ASSIGN (271) 49 54
    LT (272) 57
    LE (273) 58
    GT (274) 59
    GE (275) 60
    NE (276) 61
    EQ (277) 62
    PLUS (278) 63
    MINUS (279) 64 68
    MUL (280) 65
    DIV (281) 66
    AND (282) 55
    OR (283) 56
    NOT (284) 69
    LP (285) 20 21 22 23 24 25 38 39 40 41 50 51 52 67 70 71 72 73
    RP (286) 22 23 24 25 38 39 40 41 67 70 71 72 73
    LB (287) 19 74
    RB (288) 19 74
    LC (289) 13 14 29 30
    RC (290) 13 14 30
    LEXERR (291) 14 16 18 23 25 52 53 71 73 76 81
    FOR (292) 41


非终结语词，附有它们出现处的规则

    $accept (38)
        on left: 0
    Program (39)
        on left: 1
        on right: 0
    ExtDefList (40)
        on left: 2 3
        on right: 1 2
    ExtDef (41)
        on left: 4 5 6 7 8
        on right: 2
    ExtDecList (42)
        on left: 9 10
        on right: 4 6 10
    Specifier (43)
        on left: 11 12
        on right: 4 5 6 7 8 28 44 45
    StructSpecifier (44)
        on left: 13 14 15 16
        on right: 12
    VarDec (45)
        on left: 17 18 19
        on right: 9 10 19 28 48 49
    FunDec (46)
        on left: 20 21 22 23 24 25
        on right: 8
    VarList (47)
        on left: 26 27
        on right: 21 22 23 26
    ParamDec (48)
        on left: 28
        on right: 26 27
    CompSt (49)
        on left: 29 30
        on right: 8 35
    StmtList (50)
        on left: 31 32
        on right: 29 30 31
    Stmt (51)
        on left: 33 34 35 36 37 38 39 40 41
        on right: 31 38 39 40 41
    DefList (52)
        on left: 42 43
        on right: 13 14 29 30 42
    Def (53)
        on left: 44 45
        on right: 42 84 86 87 89
    DecList (54)
        on left: 46 47
        on right: 44 45 47
    Dec (55)
        on left: 48 49
        on right: 46 47
    Exp (56)
        on left: 50 51 52 53 54 55 56 57 58 59 60 61 62 63 64 65 66 67 68 69 70 71 72 73 74 75 76 77 78 79 80 81
        on right: 33 34 36 37 38 39 40 49 53 54 55 56 57 58 59 60 61 62 63 64 65 66 67 68 69 74 75 76 82 83 84 85 86 87 88 90
    Args (57)
        on left: 82 83
        on right: 50 52 70 71 82
    ForExps (58)
        on left: 84 85 86 87 88 89 90 91
        on right: 41


状态 0

    0 $accept: . Program $end

    TYPE    偏移，并进入状态 1
    STRUCT  偏移，并进入状态 2

    $default  使用规则 3 以归约 (ExtDefList)

    Program          转到状态 3
    ExtDefList       转到状态 4
    ExtDef           转到状态 5
    Specifier        转到状态 6
    StructSpecifier  转到状态 7


状态 1

   11 Specifier: TYPE .

    $default  使用规则 11 以归约 (Specifier)


状态 2

   13 StructSpecifier: STRUCT . ID LC DefList RC
   14                | STRUCT . LEXERR LC DefList RC
   15                | STRUCT . ID
   16                | STRUCT . LEXERR

    ID      偏移，并进入状态 8
    LEXERR  偏移，并进入状态 9


状态 3

    0 $accept: Program . $end

    $end  偏移，并进入状态 10


状态 4

    1 Program: ExtDefList .

    $default  使用规则 1 以归约 (Program)


状态 5

    2 ExtDefList: ExtDef . ExtDefList

    TYPE    偏移，并进入状态 1
    STRUCT  偏移，并进入状态 2

    $default  使用规则 3 以归约 (ExtDefList)

    ExtDefList       转到状态 11
    ExtDef           转到状态 5
    Specifier        转到状态 6
    StructSpecifier  转到状态 7


状态 6

    4 ExtDef: Specifier . ExtDecList error
    5       | Specifier . error
    6       | Specifier . ExtDecList SEMI
    7       | Specifier . SEMI
    8       | Specifier . FunDec CompSt

    error   偏移，并进入状态 12
    ID      偏移，并进入状态 13
    SEMI    偏移，并进入状态 14
    LEXERR  偏移，并进入状态 15

    ExtDecList  转到状态 16
    VarDec      转到状态 17
    FunDec      转到状态 18


状态 7

   12 Specifier: StructSpecifier .

    $default  使用规则 12 以归约 (Specifier)


状态 8

   13 StructSpecifier: STRUCT ID . LC DefList RC
   15                | STRUCT ID .

    LC  偏移，并进入状态 19

    $default  使用规则 15 以归约 (StructSpecifier)


状态 9

   14 StructSpecifier: STRUCT LEXERR . LC DefList RC
   16                | STRUCT LEXERR .

    LC  偏移，并进入状态 20

    $default  使用规则 16 以归约 (StructSpecifier)


状态 10

    0 $accept: Program $end .

    $default  接受


状态 11

    2 ExtDefList: ExtDef ExtDefList .

    $default  使用规则 2 以归约 (ExtDefList)


状态 12

    5 ExtDef: Specifier error .

    $default  使用规则 5 以归约 (ExtDef)


状态 13

   17 VarDec: ID .
   20 FunDec: ID . LP error
   21       | ID . LP VarList error
   22       | ID . LP VarList RP
   24       | ID . LP RP

    LP  偏移，并进入状态 21

    $default  使用规则 17 以归约 (VarDec)


状态 14

    7 ExtDef: Specifier SEMI .

    $default  使用规则 7 以归约 (ExtDef)


状态 15

   18 VarDec: LEXERR .
   23 FunDec: LEXERR . LP VarList RP
   25       | LEXERR . LP RP

    LP  偏移，并进入状态 22

    $default  使用规则 18 以归约 (VarDec)


状态 16

    4 ExtDef: Specifier ExtDecList . error
    6       | Specifier ExtDecList . SEMI

    error  偏移，并进入状态 23
    SEMI   偏移，并进入状态 24


状态 17

    9 ExtDecList: VarDec .
   10           | VarDec . COMMA ExtDecList
   19 VarDec: VarDec . LB INT RB

    COMMA  偏移，并进入状态 25
    LB     偏移，并进入状态 26

    $default  使用规则 9 以归约 (ExtDecList)


状态 18

    8 ExtDef: Specifier FunDec . CompSt

    LC  偏移，并进入状态 27

    CompSt  转到状态 28


状态 19

   13 StructSpecifier: STRUCT ID LC . DefList RC

    TYPE    偏移，并进入状态 1
    STRUCT  偏移，并进入状态 2

    $default  使用规则 43 以归约 (DefList)

    Specifier        转到状态 29
    StructSpecifier  转到状态 7
    DefList          转到状态 30
    Def              转到状态 31


状态 20

   14 StructSpecifier: STRUCT LEXERR LC . DefList RC

    TYPE    偏移，并进入状态 1
    STRUCT  偏移，并进入状态 2

    $default  使用规则 43 以归约 (DefList)

    Specifier        转到状态 29
    StructSpecifier  转到状态 7
    DefList          转到状态 32
    Def              转到状态 31


状态 21

   20 FunDec: ID LP . error
   21       | ID LP . VarList error
   22       | ID LP . VarList RP
   24       | ID LP . RP

    error   偏移，并进入状态 33
    TYPE    偏移，并进入状态 1
    STRUCT  偏移，并进入状态 2
    RP      偏移，并进入状态 34

    Specifier        转到状态 35
    StructSpecifier  转到状态 7
    VarList          转到状态 36
    ParamDec         转到状态 37


状态 22

   23 FunDec: LEXERR LP . VarList RP
   25       | LEXERR LP . RP

    TYPE    偏移，并进入状态 1
    STRUCT  偏移，并进入状态 2
    RP      偏移，并进入状态 38

    Specifier        转到状态 35
    StructSpecifier  转到状态 7
    VarList          转到状态 39
    ParamDec         转到状态 37


状态 23

    4 ExtDef: Specifier ExtDecList error .

    $default  使用规则 4 以归约 (ExtDef)


状态 24

    6 ExtDef: Specifier ExtDecList SEMI .

    $default  使用规则 6 以归约 (ExtDef)


状态 25

   10 ExtDecList: VarDec COMMA . ExtDecList

    ID      偏移，并进入状态 40
    LEXERR  偏移，并进入状态 41

    ExtDecList  转到状态 42
    VarDec      转到状态 17


状态 26

   19 VarDec: VarDec LB . INT RB

    INT  偏移，并进入状态 43


状态 27

   29 CompSt: LC . DefList StmtList error
   30       | LC . DefList StmtList RC

    TYPE    偏移，并进入状态 1
    STRUCT  偏移，并进入状态 2

    $default  使用规则 43 以归约 (DefList)

    Specifier        转到状态 29
    StructSpecifier  转到状态 7
    DefList          转到状态 44
    Def              转到状态 31


状态 28

    8 ExtDef: Specifier FunDec CompSt .

    $default  使用规则 8 以归约 (ExtDef)


状态 29

   44 Def: Specifier . DecList error
   45    | Specifier . DecList SEMI

    ID      偏移，并进入状态 40
    LEXERR  偏移，并进入状态 41

    VarDec   转到状态 45
    DecList  转到状态 46
    Dec      转到状态 47


状态 30

   13 StructSpecifier: STRUCT ID LC DefList . RC

    RC  偏移，并进入状态 48


状态 31

   42 DefList: Def . DefList

    TYPE    偏移，并进入状态 1
    STRUCT  偏移，并进入状态 2

    $default  使用规则 43 以归约 (DefList)

    Specifier        转到状态 29
    StructSpecifier  转到状态 7
    DefList          转到状态 49
    Def              转到状态 31


状态 32

   14 StructSpecifier: STRUCT LEXERR LC DefList . RC

    RC  偏移，并进入状态 50


状态 33

   20 FunDec: ID LP error .

    $default  使用规则 20 以归约 (FunDec)


状态 34

   24 FunDec: ID LP RP .

    $default  使用规则 24 以归约 (FunDec)


状态 35

   28 ParamDec: Specifier . VarDec

    ID      偏移，并进入状态 40
    LEXERR  偏移，并进入状态 41

    VarDec  转到状态 51


状态 36

   21 FunDec: ID LP VarList . error
   22       | ID LP VarList . RP

    error  偏移，并进入状态 52
    RP     偏移，并进入状态 53


状态 37

   26 VarList: ParamDec . COMMA VarList
   27        | ParamDec .

    COMMA  偏移，并进入状态 54

    $default  使用规则 27 以归约 (VarList)


状态 38

   25 FunDec: LEXERR LP RP .

    $default  使用规则 25 以归约 (FunDec)


状态 39

   23 FunDec: LEXERR LP VarList . RP

    RP  偏移，并进入状态 55


状态 40

   17 VarDec: ID .

    $default  使用规则 17 以归约 (VarDec)


状态 41

   18 VarDec: LEXERR .

    $default  使用规则 18 以归约 (VarDec)


状态 42

   10 ExtDecList: VarDec COMMA ExtDecList .

    $default  使用规则 10 以归约 (ExtDecList)


状态 43

   19 VarDec: VarDec LB INT . RB

    RB  偏移，并进入状态 56


状态 44

   29 CompSt: LC DefList . StmtList error
   30       | LC DefList . StmtList RC

    INT     偏移，并进入状态 57
    FLOAT   偏移，并进入状态 58
    CHAR    偏移，并进入状态 59
    ID      偏移，并进入状态 60
    IF      偏移，并进入状态 61
    WHILE   偏移，并进入状态 62
    RETURN  偏移，并进入状态 63
    MINUS   偏移，并进入状态 64
    NOT     偏移，并进入状态 65
    LP      偏移，并进入状态 66
    LC      偏移，并进入状态 27
    LEXERR  偏移，并进入状态 67
    FOR     偏移，并进入状态 68

    $default  使用规则 32 以归约 (StmtList)

    CompSt    转到状态 69
    StmtList  转到状态 70
    Stmt      转到状态 71
    Exp       转到状态 72


状态 45

   19 VarDec: VarDec . LB INT RB
   48 Dec: VarDec .
   49    | VarDec . ASSIGN Exp

    ASSIGN  偏移，并进入状态 73
    LB      偏移，并进入状态 26

    $default  使用规则 48 以归约 (Dec)


状态 46

   44 Def: Specifier DecList . error
   45    | Specifier DecList . SEMI

    error  偏移，并进入状态 74
    SEMI   偏移，并进入状态 75


状态 47

   46 DecList: Dec .
   47        | Dec . COMMA DecList

    COMMA  偏移，并进入状态 76

    $default  使用规则 46 以归约 (DecList)


状态 48

   13 StructSpecifier: STRUCT ID LC DefList RC .

    $default  使用规则 13 以归约 (StructSpecifier)


状态 49

   42 DefList: Def DefList .

    $default  使用规则 42 以归约 (DefList)


状态 50

   14 StructSpecifier: STRUCT LEXERR LC DefList RC .

    $default  使用规则 14 以归约 (StructSpecifier)


状态 51

   19 VarDec: VarDec . LB INT RB
   28 ParamDec: Specifier VarDec .

    LB  偏移，并进入状态 26

    $default  使用规则 28 以归约 (ParamDec)


状态 52

   21 FunDec: ID LP VarList error .

    $default  使用规则 21 以归约 (FunDec)


状态 53

   22 FunDec: ID LP VarList RP .

    $default  使用规则 22 以归约 (FunDec)


状态 54

   26 VarList: ParamDec COMMA . VarList

    TYPE    偏移，并进入状态 1
    STRUCT  偏移，并进入状态 2

    Specifier        转到状态 35
    StructSpecifier  转到状态 7
    VarList          转到状态 77
    ParamDec         转到状态 37


状态 55

   23 FunDec: LEXERR LP VarList RP .

    $default  使用规则 23 以归约 (FunDec)


状态 56

   19 VarDec: VarDec LB INT RB .

    $default  使用规则 19 以归约 (VarDec)


状态 57

   78 Exp: INT .

    $default  使用规则 78 以归约 (Exp)


状态 58

   79 Exp: FLOAT .

    $default  使用规则 79 以归约 (Exp)


状态 59

   80 Exp: CHAR .

    $default  使用规则 80 以归约 (Exp)


状态 60

   50 Exp: ID . LP Args error
   51    | ID . LP error
   70    | ID . LP Args RP
   72    | ID . LP RP
   77    | ID .

    LP  偏移，并进入状态 78

    $default  使用规则 77 以归约 (Exp)


状态 61

   38 Stmt: IF . LP Exp RP Stmt
   39     | IF . LP Exp RP Stmt ELSE Stmt

    LP  偏移，并进入状态 79


状态 62

   40 Stmt: WHILE . LP Exp RP Stmt

    LP  偏移，并进入状态 80


状态 63

   36 Stmt: RETURN . Exp error
   37     | RETURN . Exp SEMI

    INT     偏移，并进入状态 57
    FLOAT   偏移，并进入状态 58
    CHAR    偏移，并进入状态 59
    ID      偏移，并进入状态 60
    MINUS   偏移，并进入状态 64
    NOT     偏移，并进入状态 65
    LP      偏移，并进入状态 66
    LEXERR  偏移，并进入状态 67

    Exp  转到状态 81


状态 64

   68 Exp: MINUS . Exp

    INT     偏移，并进入状态 57
    FLOAT   偏移，并进入状态 58
    CHAR    偏移，并进入状态 59
    ID      偏移，并进入状态 60
    MINUS   偏移，并进入状态 64
    NOT     偏移，并进入状态 65
    LP      偏移，并进入状态 66
    LEXERR  偏移，并进入状态 67

    Exp  转到状态 82


状态 65

   69 Exp: NOT . Exp

    INT     偏移，并进入状态 57
    FLOAT   偏移，并进入状态 58
    CHAR    偏移，并进入状态 59
    ID      偏移，并进入状态 60
    MINUS   偏移，并进入状态 64
    NOT     偏移，并进入状态 65
    LP      偏移，并进入状态 66
    LEXERR  偏移，并进入状态 67

    Exp  转到状态 83


状态 66

   67 Exp: LP . Exp RP

    INT     偏移，并进入状态 57
    FLOAT   偏移，并进入状态 58
    CHAR    偏移，并进入状态 59
    ID      偏移，并进入状态 60
    MINUS   偏移，并进入状态 64
    NOT     偏移，并进入状态 65
    LP      偏移，并进入状态 66
    LEXERR  偏移，并进入状态 67

    Exp  转到状态 84


状态 67

   52 Exp: LEXERR . LP Args error
   71    | LEXERR . LP Args RP
   73    | LEXERR . LP RP
   81    | LEXERR .

    LP  偏移，并进入状态 85

    $default  使用规则 81 以归约 (Exp)


状态 68

   41 Stmt: FOR . LP ForExps RP Stmt

    LP  偏移，并进入状态 86


状态 69

   35 Stmt: CompSt .

    $default  使用规则 35 以归约 (Stmt)


状态 70

   29 CompSt: LC DefList StmtList . error
   30       | LC DefList StmtList . RC

    error  偏移，并进入状态 87
    RC     偏移，并进入状态 88


状态 71

   31 StmtList: Stmt . StmtList

    INT     偏移，并进入状态 57
    FLOAT   偏移，并进入状态 58
    CHAR    偏移，并进入状态 59
    ID      偏移，并进入状态 60
    IF      偏移，并进入状态 61
    WHILE   偏移，并进入状态 62
    RETURN  偏移，并进入状态 63
    MINUS   偏移，并进入状态 64
    NOT     偏移，并进入状态 65
    LP      偏移，并进入状态 66
    LC      偏移，并进入状态 27
    LEXERR  偏移，并进入状态 67
    FOR     偏移，并进入状态 68

    $default  使用规则 32 以归约 (StmtList)

    CompSt    转到状态 69
    StmtList  转到状态 89
    Stmt      转到状态 71
    Exp       转到状态 72


状态 72

   33 Stmt: Exp . error
   34     | Exp . SEMI
   53 Exp: Exp . LEXERR Exp
   54    | Exp . ASSIGN Exp
   55    | Exp . AND Exp
   56    | Exp . OR Exp
   57    | Exp . LT Exp
   58    | Exp . LE Exp
   59    | Exp . GT Exp
   60    | Exp . GE Exp
   61    | Exp . NE Exp
   62    | Exp . EQ Exp
   63    | Exp . PLUS Exp
   64    | Exp . MINUS Exp
   65    | Exp . MUL Exp
   66    | Exp . DIV Exp
   74    | Exp . LB Exp RB
   75    | Exp . DOT ID
   76    | Exp . DOT LEXERR

    error   偏移，并进入状态 90
    DOT     偏移，并进入状态 91
    SEMI    偏移，并进入状态 92
    ASSIGN  偏移，并进入状态 93
    LT      偏移，并进入状态 94
    LE      偏移，并进入状态 95
    GT      偏移，并进入状态 96
    GE      偏移，并进入状态 97
    NE      偏移，并进入状态 98
    EQ      偏移，并进入状态 99
    PLUS    偏移，并进入状态 100
    MINUS   偏移，并进入状态 101
    MUL     偏移，并进入状态 102
    DIV     偏移，并进入状态 103
    AND     偏移，并进入状态 104
    OR      偏移，并进入状态 105
    LB      偏移，并进入状态 106
    LEXERR  偏移，并进入状态 107


状态 73

   49 Dec: VarDec ASSIGN . Exp

    INT     偏移，并进入状态 57
    FLOAT   偏移，并进入状态 58
    CHAR    偏移，并进入状态 59
    ID      偏移，并进入状态 60
    MINUS   偏移，并进入状态 64
    NOT     偏移，并进入状态 65
    LP      偏移，并进入状态 66
    LEXERR  偏移，并进入状态 67

    Exp  转到状态 108


状态 74

   44 Def: Specifier DecList error .

    $default  使用规则 44 以归约 (Def)


状态 75

   45 Def: Specifier DecList SEMI .

    $default  使用规则 45 以归约 (Def)


状态 76

   47 DecList: Dec COMMA . DecList

    ID      偏移，并进入状态 40
    LEXERR  偏移，并进入状态 41

    VarDec   转到状态 45
    DecList  转到状态 109
    Dec      转到状态 47


状态 77

   26 VarList: ParamDec COMMA VarList .

    $default  使用规则 26 以归约 (VarList)


状态 78

   50 Exp: ID LP . Args error
   51    | ID LP . error
   70    | ID LP . Args RP
   72    | ID LP . RP

    error   偏移，并进入状态 110
    INT     偏移，并进入状态 57
    FLOAT   偏移，并进入状态 58
    CHAR    偏移，并进入状态 59
    ID      偏移，并进入状态 60
    MINUS   偏移，并进入状态 64
    NOT     偏移，并进入状态 65
    LP      偏移，并进入状态 66
    RP      偏移，并进入状态 111
    LEXERR  偏移，并进入状态 67

    Exp   转到状态 112
    Args  转到状态 113


状态 79

   38 Stmt: IF LP . Exp RP Stmt
   39     | IF LP . Exp RP Stmt ELSE Stmt

    INT     偏移，并进入状态 57
    FLOAT   偏移，并进入状态 58
    CHAR    偏移，并进入状态 59
    ID      偏移，并进入状态 60
    MINUS   偏移，并进入状态 64
    NOT     偏移，并进入状态 65
    LP      偏移，并进入状态 66
    LEXERR  偏移，并进入状态 67

    Exp  转到状态 114


状态 80

   40 Stmt: WHILE LP . Exp RP Stmt

    INT     偏移，并进入状态 57
    FLOAT   偏移，并进入状态 58
    CHAR    偏移，并进入状态 59
    ID      偏移，并进入状态 60
    MINUS   偏移，并进入状态 64
    NOT     偏移，并进入状态 65
    LP      偏移，并进入状态 66
    LEXERR  偏移，并进入状态 67

    Exp  转到状态 115


状态 81

   36 Stmt: RETURN Exp . error
   37     | RETURN Exp . SEMI
   53 Exp: Exp . LEXERR Exp
   54    | Exp . ASSIGN Exp
   55    | Exp . AND Exp
   56    | Exp . OR Exp
   57    | Exp . LT Exp
   58    | Exp . LE Exp
   59    | Exp . GT Exp
   60    | Exp . GE Exp
   61    | Exp . NE Exp
   62    | Exp . EQ Exp
   63    | Exp . PLUS Exp
   64    | Exp . MINUS Exp
   65    | Exp . MUL Exp
   66    | Exp . DIV Exp
   74    | Exp . LB Exp RB
   75    | Exp . DOT ID
   76    | Exp . DOT LEXERR

    error   偏移，并进入状态 116
    DOT     偏移，并进入状态 91
    SEMI    偏移，并进入状态 117
    ASSIGN  偏移，并进入状态 93
    LT      偏移，并进入状态 94
    LE      偏移，并进入状态 95
    GT      偏移，并进入状态 96
    GE      偏移，并进入状态 97
    NE      偏移，并进入状态 98
    EQ      偏移，并进入状态 99
    PLUS    偏移，并进入状态 100
    MINUS   偏移，并进入状态 101
    MUL     偏移，并进入状态 102
    DIV     偏移，并进入状态 103
    AND     偏移，并进入状态 104
    OR      偏移，并进入状态 105
    LB      偏移，并进入状态 106
    LEXERR  偏移，并进入状态 107


状态 82

   53 Exp: Exp . LEXERR Exp
   54    | Exp . ASSIGN Exp
   55    | Exp . AND Exp
   56    | Exp . OR Exp
   57    | Exp . LT Exp
   58    | Exp . LE Exp
   59    | Exp . GT Exp
   60    | Exp . GE Exp
   61    | Exp . NE Exp
   62    | Exp . EQ Exp
   63    | Exp . PLUS Exp
   64    | Exp . MINUS Exp
   65    | Exp . MUL Exp
   66    | Exp . DIV Exp
   68    | MINUS Exp .
   74    | Exp . LB Exp RB
   75    | Exp . DOT ID
   76    | Exp . DOT LEXERR

    DOT  偏移，并进入状态 91
    MUL  偏移，并进入状态 102
    DIV  偏移，并进入状态 103
    LB   偏移，并进入状态 106

    $default  使用规则 68 以归约 (Exp)


状态 83

   53 Exp: Exp . LEXERR Exp
   54    | Exp . ASSIGN Exp
   55    | Exp . AND Exp
   56    | Exp . OR Exp
   57    | Exp . LT Exp
   58    | Exp . LE Exp
   59    | Exp . GT Exp
   60    | Exp . GE Exp
   61    | Exp . NE Exp
   62    | Exp . EQ Exp
   63    | Exp . PLUS Exp
   64    | Exp . MINUS Exp
   65    | Exp . MUL Exp
   66    | Exp . DIV Exp
   69    | NOT Exp .
   74    | Exp . LB Exp RB
   75    | Exp . DOT ID
   76    | Exp . DOT LEXERR

    DOT  偏移，并进入状态 91
    LB   偏移，并进入状态 106

    $default  使用规则 69 以归约 (Exp)


状态 84

   53 Exp: Exp . LEXERR Exp
   54    | Exp . ASSIGN Exp
   55    | Exp . AND Exp
   56    | Exp . OR Exp
   57    | Exp . LT Exp
   58    | Exp . LE Exp
   59    | Exp . GT Exp
   60    | Exp . GE Exp
   61    | Exp . NE Exp
   62    | Exp . EQ Exp
   63    | Exp . PLUS Exp
   64    | Exp . MINUS Exp
   65    | Exp . MUL Exp
   66    | Exp . DIV Exp
   67    | LP Exp . RP
   74    | Exp . LB Exp RB
   75    | Exp . DOT ID
   76    | Exp . DOT LEXERR

    DOT     偏移，并进入状态 91
    ASSIGN  偏移，并进入状态 93
    LT      偏移，并进入状态 94
    LE      偏移，并进入状态 95
    GT      偏移，并进入状态 96
    GE      偏移，并进入状态 97
    NE      偏移，并进入状态 98
    EQ      偏移，并进入状态 99
    PLUS    偏移，并进入状态 100
    MINUS   偏移，并进入状态 101
    MUL     偏移，并进入状态 102
    DIV     偏移，并进入状态 103
    AND     偏移，并进入状态 104
    OR      偏移，并进入状态 105
    RP      偏移，并进入状态 118
    LB      偏移，并进入状态 106
    LEXERR  偏移，并进入状态 107


状态 85

   52 Exp: LEXERR LP . Args error
   71    | LEXERR LP . Args RP
   73    | LEXERR LP . RP

    INT     偏移，并进入状态 57
    FLOAT   偏移，并进入状态 58
    CHAR    偏移，并进入状态 59
    ID      偏移，并进入状态 60
    MINUS   偏移，并进入状态 64
    NOT     偏移，并进入状态 65
    LP      偏移，并进入状态 66
    RP      偏移，并进入状态 119
    LEXERR  偏移，并进入状态 67

    Exp   转到状态 112
    Args  转到状态 120


状态 86

   41 Stmt: FOR LP . ForExps RP Stmt

    TYPE    偏移，并进入状态 1
    STRUCT  偏移，并进入状态 2
    SEMI    偏移，并进入状态 121

    Specifier        转到状态 29
    StructSpecifier  转到状态 7
    Def              转到状态 122
    ForExps          转到状态 123


状态 87

   29 CompSt: LC DefList StmtList error .

    $default  使用规则 29 以归约 (CompSt)


状态 88

   30 CompSt: LC DefList StmtList RC .

    $default  使用规则 30 以归约 (CompSt)


状态 89

   31 StmtList: Stmt StmtList .

    $default  使用规则 31 以归约 (StmtList)


状态 90

   33 Stmt: Exp error .

    $default  使用规则 33 以归约 (Stmt)


状态 91

   75 Exp: Exp DOT . ID
   76    | Exp DOT . LEXERR

    ID      偏移，并进入状态 124
    LEXERR  偏移，并进入状态 125


状态 92

   34 Stmt: Exp SEMI .

    $default  使用规则 34 以归约 (Stmt)


状态 93

   54 Exp: Exp ASSIGN . Exp

    INT     偏移，并进入状态 57
    FLOAT   偏移，并进入状态 58
    CHAR    偏移，并进入状态 59
    ID      偏移，并进入状态 60
    MINUS   偏移，并进入状态 64
    NOT     偏移，并进入状态 65
    LP      偏移，并进入状态 66
    LEXERR  偏移，并进入状态 67

    Exp  转到状态 126


状态 94

   57 Exp: Exp LT . Exp

    INT     偏移，并进入状态 57
    FLOAT   偏移，并进入状态 58
    CHAR    偏移，并进入状态 59
    ID      偏移，并进入状态 60
    MINUS   偏移，并进入状态 64
    NOT     偏移，并进入状态 65
    LP      偏移，并进入状态 66
    LEXERR  偏移，并进入状态 67

    Exp  转到状态 127


状态 95

   58 Exp: Exp LE . Exp

    INT     偏移，并进入状态 57
    FLOAT   偏移，并进入状态 58
    CHAR    偏移，并进入状态 59
    ID      偏移，并进入状态 60
    MINUS   偏移，并进入状态 64
    NOT     偏移，并进入状态 65
    LP      偏移，并进入状态 66
    LEXERR  偏移，并进入状态 67

    Exp  转到状态 128


状态 96

   59 Exp: Exp GT . Exp

    INT     偏移，并进入状态 57
    FLOAT   偏移，并进入状态 58
    CHAR    偏移，并进入状态 59
    ID      偏移，并进入状态 60
    MINUS   偏移，并进入状态 64
    NOT     偏移，并进入状态 65
    LP      偏移，并进入状态 66
    LEXERR  偏移，并进入状态 67

    Exp  转到状态 129


状态 97

   60 Exp: Exp GE . Exp

    INT     偏移，并进入状态 57
    FLOAT   偏移，并进入状态 58
    CHAR    偏移，并进入状态 59
    ID      偏移，并进入状态 60
    MINUS   偏移，并进入状态 64
    NOT     偏移，并进入状态 65
    LP      偏移，并进入状态 66
    LEXERR  偏移，并进入状态 67

    Exp  转到状态 130


状态 98

   61 Exp: Exp NE . Exp

    INT     偏移，并进入状态 57
    FLOAT   偏移，并进入状态 58
    CHAR    偏移，并进入状态 59
    ID      偏移，并进入状态 60
    MINUS   偏移，并进入状态 64
    NOT     偏移，并进入状态 65
    LP      偏移，并进入状态 66
    LEXERR  偏移，并进入状态 67

    Exp  转到状态 131


状态 99

   62 Exp: Exp EQ . Exp

    INT     偏移，并进入状态 57
    FLOAT   偏移，并进入状态 58
    CHAR    偏移，并进入状态 59
    ID      偏移，并进入状态 60
    MINUS   偏移，并进入状态 64
    NOT     偏移，并进入状态 65
    LP      偏移，并进入状态 66
    LEXERR  偏移，并进入状态 67

    Exp  转到状态 132


状态 100

   63 Exp: Exp PLUS . Exp

    INT     偏移，并进入状态 57
    FLOAT   偏移，并进入状态 58
    CHAR    偏移，并进入状态 59
    ID      偏移，并进入状态 60
    MINUS   偏移，并进入状态 64
    NOT     偏移，并进入状态 65
    LP      偏移，并进入状态 66
    LEXERR  偏移，并进入状态 67

    Exp  转到状态 133


状态 101

   64 Exp: Exp MINUS . Exp

    INT     偏移，并进入状态 57
    FLOAT   偏移，并进入状态 58
    CHAR    偏移，并进入状态 59
    ID      偏移，并进入状态 60
    MINUS   偏移，并进入状态 64
    NOT     偏移，并进入状态 65
    LP      偏移，并进入状态 66
    LEXERR  偏移，并进入状态 67

    Exp  转到状态 134


状态 102

   65 Exp: Exp MUL . Exp

    INT     偏移，并进入状态 57
    FLOAT   偏移，并进入状态 58
    CHAR    偏移，并进入状态 59
    ID      偏移，并进入状态 60
    MINUS   偏移，并进入状态 64
    NOT     偏移，并进入状态 65
    LP      偏移，并进入状态 66
    LEXERR  偏移，并进入状态 67

    Exp  转到状态 135


状态 103

   66 Exp: Exp DIV . Exp

    INT     偏移，并进入状态 57
    FLOAT   偏移，并进入状态 58
    CHAR    偏移，并进入状态 59
    ID      偏移，并进入状态 60
    MINUS   偏移，并进入状态 64
    NOT     偏移，并进入状态 65
    LP      偏移，并进入状态 66
    LEXERR  偏移，并进入状态 67

    Exp  转到状态 136


状态 104

   55 Exp: Exp AND . Exp

    INT     偏移，并进入状态 57
    FLOAT   偏移，并进入状态 58
    CHAR    偏移，并进入状态 59
    ID      偏移，并进入状态 60
    MINUS   偏移，并进入状态 64
    NOT     偏移，并进入状态 65
    LP      偏移，并进入状态 66
    LEXERR  偏移，并进入状态 67

    Exp  转到状态 137


状态 105

   56 Exp: Exp OR . Exp

    INT     偏移，并进入状态 57
    FLOAT   偏移，并进入状态 58
    CHAR    偏移，并进入状态 59
    ID      偏移，并进入状态 60
    MINUS   偏移，并进入状态 64
    NOT     偏移，并进入状态 65
    LP      偏移，并进入状态 66
    LEXERR  偏移，并进入状态 67

    Exp  转到状态 138


状态 106

   74 Exp: Exp LB . Exp RB

    INT     偏移，并进入状态 57
    FLOAT   偏移，并进入状态 58
    CHAR    偏移，并进入状态 59
    ID      偏移，并进入状态 60
    MINUS   偏移，并进入状态 64
    NOT     偏移，并进入状态 65
    LP      偏移，并进入状态 66
    LEXERR  偏移，并进入状态 67

    Exp  转到状态 139


状态 107

   53 Exp: Exp LEXERR . Exp

    INT     偏移，并进入状态 57
    FLOAT   偏移，并进入状态 58
    CHAR    偏移，并进入状态 59
    ID      偏移，并进入状态 60
    MINUS   偏移，并进入状态 64
    NOT     偏移，并进入状态 65
    LP      偏移，并进入状态 66
    LEXERR  偏移，并进入状态 67

    Exp  转到状态 140


状态 108

   49 Dec: VarDec ASSIGN Exp .
   53 Exp: Exp . LEXERR Exp
   54    | Exp . ASSIGN Exp
   55    | Exp . AND Exp
   56    | Exp . OR Exp
   57    | Exp . LT Exp
   58    | Exp . LE Exp
   59    | Exp . GT Exp
   60    | Exp . GE Exp
   61    | Exp . NE Exp
   62    | Exp . EQ Exp
   63    | Exp . PLUS Exp
   64    | Exp . MINUS Exp
   65    | Exp . MUL Exp
   66    | Exp . DIV Exp
   74    | Exp . LB Exp RB
   75    | Exp . DOT ID
   76    | Exp . DOT LEXERR

    DOT     偏移，并进入状态 91
    ASSIGN  偏移，并进入状态 93
    LT      偏移，并进入状态 94
    LE      偏移，并进入状态 95
    GT      偏移，并进入状态 96
    GE      偏移，并进入状态 97
    NE      偏移，并进入状态 98
    EQ      偏移，并进入状态 99
    PLUS    偏移，并进入状态 100
    MINUS   偏移，并进入状态 101
    MUL     偏移，并进入状态 102
    DIV     偏移，并进入状态 103
    AND     偏移，并进入状态 104
    OR      偏移，并进入状态 105
    LB      偏移，并进入状态 106
    LEXERR  偏移，并进入状态 107

    $default  使用规则 49 以归约 (Dec)


状态 109

   47 DecList: Dec COMMA DecList .

    $default  使用规则 47 以归约 (DecList)


状态 110

   51 Exp: ID LP error .

    $default  使用规则 51 以归约 (Exp)


状态 111

   72 Exp: ID LP RP .

    $default  使用规则 72 以归约 (Exp)


状态 112

   53 Exp: Exp . LEXERR Exp
   54    | Exp . ASSIGN Exp
   55    | Exp . AND Exp
   56    | Exp . OR Exp
   57    | Exp . LT Exp
   58    | Exp . LE Exp
   59    | Exp . GT Exp
   60    | Exp . GE Exp
   61    | Exp . NE Exp
   62    | Exp . EQ Exp
   63    | Exp . PLUS Exp
   64    | Exp . MINUS Exp
   65    | Exp . MUL Exp
   66    | Exp . DIV Exp
   74    | Exp . LB Exp RB
   75    | Exp . DOT ID
   76    | Exp . DOT LEXERR
   82 Args: Exp . COMMA Args
   83     | Exp .

    DOT     偏移，并进入状态 91
    COMMA   偏移，并进入状态 141
    ASSIGN  偏移，并进入状态 93
    LT      偏移，并进入状态 94
    LE      偏移，并进入状态 95
    GT      偏移，并进入状态 96
    GE      偏移，并进入状态 97
    NE      偏移，并进入状态 98
    EQ      偏移，并进入状态 99
    PLUS    偏移，并进入状态 100
    MINUS   偏移，并进入状态 101
    MUL     偏移，并进入状态 102
    DIV     偏移，并进入状态 103
    AND     偏移，并进入状态 104
    OR      偏移，并进入状态 105
    LB      偏移，并进入状态 106
    LEXERR  偏移，并进入状态 107

    $default  使用规则 83 以归约 (Args)


状态 113

   50 Exp: ID LP Args . error
   70    | ID LP Args . RP

    error  偏移，并进入状态 142
    RP     偏移，并进入状态 143


状态 114

   38 Stmt: IF LP Exp . RP Stmt
   39     | IF LP Exp . RP Stmt ELSE Stmt
   53 Exp: Exp . LEXERR Exp
   54    | Exp . ASSIGN Exp
   55    | Exp . AND Exp
   56    | Exp . OR Exp
   57    | Exp . LT Exp
   58    | Exp . LE Exp
   59    | Exp . GT Exp
   60    | Exp . GE Exp
   61    | Exp . NE Exp
   62    | Exp . EQ Exp
   63    | Exp . PLUS Exp
   64    | Exp . MINUS Exp
   65    | Exp . MUL Exp
   66    | Exp . DIV Exp
   74    | Exp . LB Exp RB
   75    | Exp . DOT ID
   76    | Exp . DOT LEXERR

    DOT     偏移，并进入状态 91
    ASSIGN  偏移，并进入状态 93
    LT      偏移，并进入状态 94
    LE      偏移，并进入状态 95
    GT      偏移，并进入状态 96
    GE      偏移，并进入状态 97
    NE      偏移，并进入状态 98
    EQ      偏移，并进入状态 99
    PLUS    偏移，并进入状态 100
    MINUS   偏移，并进入状态 101
    MUL     偏移，并进入状态 102
    DIV     偏移，并进入状态 103
    AND     偏移，并进入状态 104
    OR      偏移，并进入状态 105
    RP      偏移，并进入状态 144
    LB      偏移，并进入状态 106
    LEXERR  偏移，并进入状态 107


状态 115

   40 Stmt: WHILE LP Exp . RP Stmt
   53 Exp: Exp . LEXERR Exp
   54    | Exp . ASSIGN Exp
   55    | Exp . AND Exp
   56    | Exp . OR Exp
   57    | Exp . LT Exp
   58    | Exp . LE Exp
   59    | Exp . GT Exp
   60    | Exp . GE Exp
   61    | Exp . NE Exp
   62    | Exp . EQ Exp
   63    | Exp . PLUS Exp
   64    | Exp . MINUS Exp
   65    | Exp . MUL Exp
   66    | Exp . DIV Exp
   74    | Exp . LB Exp RB
   75    | Exp . DOT ID
   76    | Exp . DOT LEXERR

    DOT     偏移，并进入状态 91
    ASSIGN  偏移，并进入状态 93
    LT      偏移，并进入状态 94
    LE      偏移，并进入状态 95
    GT      偏移，并进入状态 96
    GE      偏移，并进入状态 97
    NE      偏移，并进入状态 98
    EQ      偏移，并进入状态 99
    PLUS    偏移，并进入状态 100
    MINUS   偏移，并进入状态 101
    MUL     偏移，并进入状态 102
    DIV     偏移，并进入状态 103
    AND     偏移，并进入状态 104
    OR      偏移，并进入状态 105
    RP      偏移，并进入状态 145
    LB      偏移，并进入状态 106
    LEXERR  偏移，并进入状态 107


状态 116

   36 Stmt: RETURN Exp error .

    $default  使用规则 36 以归约 (Stmt)


状态 117

   37 Stmt: RETURN Exp SEMI .

    $default  使用规则 37 以归约 (Stmt)


状态 118

   67 Exp: LP Exp RP .

    $default  使用规则 67 以归约 (Exp)


状态 119

   73 Exp: LEXERR LP RP .

    $default  使用规则 73 以归约 (Exp)


状态 120

   52 Exp: LEXERR LP Args . error
   71    | LEXERR LP Args . RP

    error  偏移，并进入状态 146
    RP     偏移，并进入状态 147


状态 121

   85 ForExps: SEMI . Exp SEMI Exp
   88        | SEMI . Exp SEMI
   90        | SEMI . SEMI Exp
   91        | SEMI . SEMI

    INT     偏移，并进入状态 57
    FLOAT   偏移，并进入状态 58
    CHAR    偏移，并进入状态 59
    ID      偏移，并进入状态 60
    SEMI    偏移，并进入状态 148
    MINUS   偏移，并进入状态 64
    NOT     偏移，并进入状态 65
    LP      偏移，并进入状态 66
    LEXERR  偏移，并进入状态 67

    Exp  转到状态 149


状态 122

   84 ForExps: Def . Exp SEMI Exp
   86        | Def . SEMI Exp
   87        | Def . Exp SEMI
   89        | Def . SEMI

    INT     偏移，并进入状态 57
    FLOAT   偏移，并进入状态 58
    CHAR    偏移，并进入状态 59
    ID      偏移，并进入状态 60
    SEMI    偏移，并进入状态 150
    MINUS   偏移，并进入状态 64
    NOT     偏移，并进入状态 65
    LP      偏移，并进入状态 66
    LEXERR  偏移，并进入状态 67

    Exp  转到状态 151


状态 123

   41 Stmt: FOR LP ForExps . RP Stmt

    RP  偏移，并进入状态 152


状态 124

   75 Exp: Exp DOT ID .

    $default  使用规则 75 以归约 (Exp)


状态 125

   76 Exp: Exp DOT LEXERR .

    $default  使用规则 76 以归约 (Exp)


状态 126

   53 Exp: Exp . LEXERR Exp
   54    | Exp . ASSIGN Exp
   54    | Exp ASSIGN Exp .
   55    | Exp . AND Exp
   56    | Exp . OR Exp
   57    | Exp . LT Exp
   58    | Exp . LE Exp
   59    | Exp . GT Exp
   60    | Exp . GE Exp
   61    | Exp . NE Exp
   62    | Exp . EQ Exp
   63    | Exp . PLUS Exp
   64    | Exp . MINUS Exp
   65    | Exp . MUL Exp
   66    | Exp . DIV Exp
   74    | Exp . LB Exp RB
   75    | Exp . DOT ID
   76    | Exp . DOT LEXERR

    DOT     偏移，并进入状态 91
    ASSIGN  偏移，并进入状态 93
    LT      偏移，并进入状态 94
    LE      偏移，并进入状态 95
    GT      偏移，并进入状态 96
    GE      偏移，并进入状态 97
    NE      偏移，并进入状态 98
    EQ      偏移，并进入状态 99
    PLUS    偏移，并进入状态 100
    MINUS   偏移，并进入状态 101
    MUL     偏移，并进入状态 102
    DIV     偏移，并进入状态 103
    AND     偏移，并进入状态 104
    OR      偏移，并进入状态 105
    LB      偏移，并进入状态 106
    LEXERR  偏移，并进入状态 107

    $default  使用规则 54 以归约 (Exp)


状态 127

   53 Exp: Exp . LEXERR Exp
   54    | Exp . ASSIGN Exp
   55    | Exp . AND Exp
   56    | Exp . OR Exp
   57    | Exp . LT Exp
   57    | Exp LT Exp .
   58    | Exp . LE Exp
   59    | Exp . GT Exp
   60    | Exp . GE Exp
   61    | Exp . NE Exp
   62    | Exp . EQ Exp
   63    | Exp . PLUS Exp
   64    | Exp . MINUS Exp
   65    | Exp . MUL Exp
   66    | Exp . DIV Exp
   74    | Exp . LB Exp RB
   75    | Exp . DOT ID
   76    | Exp . DOT LEXERR

    DOT    偏移，并进入状态 91
    PLUS   偏移，并进入状态 100
    MINUS  偏移，并进入状态 101
    MUL    偏移，并进入状态 102
    DIV    偏移，并进入状态 103
    LB     偏移，并进入状态 106

    $default  使用规则 57 以归约 (Exp)


状态 128

   53 Exp: Exp . LEXERR Exp
   54    | Exp . ASSIGN Exp
   55    | Exp . AND Exp
   56    | Exp . OR Exp
   57    | Exp . LT Exp
   58    | Exp . LE Exp
   58    | Exp LE Exp .
   59    | Exp . GT Exp
   60    | Exp . GE Exp
   61    | Exp . NE Exp
   62    | Exp . EQ Exp
   63    | Exp . PLUS Exp
   64    | Exp . MINUS Exp
   65    | Exp . MUL Exp
   66    | Exp . DIV Exp
   74    | Exp . LB Exp RB
   75    | Exp . DOT ID
   76    | Exp . DOT LEXERR

    DOT    偏移，并进入状态 91
    PLUS   偏移，并进入状态 100
    MINUS  偏移，并进入状态 101
    MUL    偏移，并进入状态 102
    DIV    偏移，并进入状态 103
    LB     偏移，并进入状态 106

    $default  使用规则 58 以归约 (Exp)


状态 129

   53 Exp: Exp . LEXERR Exp
   54    | Exp . ASSIGN Exp
   55    | Exp . AND Exp
   56    | Exp . OR Exp
   57    | Exp . LT Exp
   58    | Exp . LE Exp
   59    | Exp . GT Exp
   59    | Exp GT Exp .
   60    | Exp . GE Exp
   61    | Exp . NE Exp
   62    | Exp . EQ Exp
   63    | Exp . PLUS Exp
   64    | Exp . MINUS Exp
   65    | Exp . MUL Exp
   66    | Exp . DIV Exp
   74    | Exp . LB Exp RB
   75    | Exp . DOT ID
   76    | Exp . DOT LEXERR

    DOT    偏移，并进入状态 91
    PLUS   偏移，并进入状态 100
    MINUS  偏移，并进入状态 101
    MUL    偏移，并进入状态 102
    DIV    偏移，并进入状态 103
    LB     偏移，并进入状态 106

    $default  使用规则 59 以归约 (Exp)


状态 130

   53 Exp: Exp . LEXERR Exp
   54    | Exp . ASSIGN Exp
   55    | Exp . AND Exp
   56    | Exp . OR Exp
   57    | Exp . LT Exp
   58    | Exp . LE Exp
   59    | Exp . GT Exp
   60    | Exp . GE Exp
   60    | Exp GE Exp .
   61    | Exp . NE Exp
   62    | Exp . EQ Exp
   63    | Exp . PLUS Exp
   64    | Exp . MINUS Exp
   65    | Exp . MUL Exp
   66    | Exp . DIV Exp
   74    | Exp . LB Exp RB
   75    | Exp . DOT ID
   76    | Exp . DOT LEXERR

    DOT    偏移，并进入状态 91
    PLUS   偏移，并进入状态 100
    MINUS  偏移，并进入状态 101
    MUL    偏移，并进入状态 102
    DIV    偏移，并进入状态 103
    LB     偏移，并进入状态 106

    $default  使用规则 60 以归约 (Exp)


状态 131

   53 Exp: Exp . LEXERR Exp
   54    | Exp . ASSIGN Exp
   55    | Exp . AND Exp
   56    | Exp . OR Exp
   57    | Exp . LT Exp
   58    | Exp . LE Exp
   59    | Exp . GT Exp
   60    | Exp . GE Exp
   61    | Exp . NE Exp
   61    | Exp NE Exp .
   62    | Exp . EQ Exp
   63    | Exp . PLUS Exp
   64    | Exp . MINUS Exp
   65    | Exp . MUL Exp
   66    | Exp . DIV Exp
   74    | Exp . LB Exp RB
   75    | Exp . DOT ID
   76    | Exp . DOT LEXERR

    DOT    偏移，并进入状态 91
    PLUS   偏移，并进入状态 100
    MINUS  偏移，并进入状态 101
    MUL    偏移，并进入状态 102
    DIV    偏移，并进入状态 103
    LB     偏移，并进入状态 106

    $default  使用规则 61 以归约 (Exp)


状态 132

   53 Exp: Exp . LEXERR Exp
   54    | Exp . ASSIGN Exp
   55    | Exp . AND Exp
   56    | Exp . OR Exp
   57    | Exp . LT Exp
   58    | Exp . LE Exp
   59    | Exp . GT Exp
   60    | Exp . GE Exp
   61    | Exp . NE Exp
   62    | Exp . EQ Exp
   62    | Exp EQ Exp .
   63    | Exp . PLUS Exp
   64    | Exp . MINUS Exp
   65    | Exp . MUL Exp
   66    | Exp . DIV Exp
   74    | Exp . LB Exp RB
   75    | Exp . DOT ID
   76    | Exp . DOT LEXERR

    DOT    偏移，并进入状态 91
    PLUS   偏移，并进入状态 100
    MINUS  偏移，并进入状态 101
    MUL    偏移，并进入状态 102
    DIV    偏移，并进入状态 103
    LB     偏移，并进入状态 106

    $default  使用规则 62 以归约 (Exp)


状态 133

   53 Exp: Exp . LEXERR Exp
   54    | Exp . ASSIGN Exp
   55    | Exp . AND Exp
   56    | Exp . OR Exp
   57    | Exp . LT Exp
   58    | Exp . LE Exp
   59    | Exp . GT Exp
   60    | Exp . GE Exp
   61    | Exp . NE Exp
   62    | Exp . EQ Exp
   63    | Exp . PLUS Exp
   63    | Exp PLUS Exp .
   64    | Exp . MINUS Exp
   65    | Exp . MUL Exp
   66    | Exp . DIV Exp
   74    | Exp . LB Exp RB
   75    | Exp . DOT ID
   76    | Exp . DOT LEXERR

    DOT  偏移，并进入状态 91
    MUL  偏移，并进入状态 102
    DIV  偏移，并进入状态 103
    LB   偏移，并进入状态 106

    $default  使用规则 63 以归约 (Exp)


状态 134

   53 Exp: Exp . LEXERR Exp
   54    | Exp . ASSIGN Exp
   55    | Exp . AND Exp
   56    | Exp . OR Exp
   57    | Exp . LT Exp
   58    | Exp . LE Exp
   59    | Exp . GT Exp
   60    | Exp . GE Exp
   61    | Exp . NE Exp
   62    | Exp . EQ Exp
   63    | Exp . PLUS Exp
   64    | Exp . MINUS Exp
   64    | Exp MINUS Exp .
   65    | Exp . MUL Exp
   66    | Exp . DIV Exp
   74    | Exp . LB Exp RB
   75    | Exp . DOT ID
   76    | Exp . DOT LEXERR

    DOT  偏移，并进入状态 91
    MUL  偏移，并进入状态 102
    DIV  偏移，并进入状态 103
    LB   偏移，并进入状态 106

    $default  使用规则 64 以归约 (Exp)


状态 135

   53 Exp: Exp . LEXERR Exp
   54    | Exp . ASSIGN Exp
   55    | Exp . AND Exp
   56    | Exp . OR Exp
   57    | Exp . LT Exp
   58    | Exp . LE Exp
   59    | Exp . GT Exp
   60    | Exp . GE Exp
   61    | Exp . NE Exp
   62    | Exp . EQ Exp
   63    | Exp . PLUS Exp
   64    | Exp . MINUS Exp
   65    | Exp . MUL Exp
   65    | Exp MUL Exp .
   66    | Exp . DIV Exp
   74    | Exp . LB Exp RB
   75    | Exp . DOT ID
   76    | Exp . DOT LEXERR

    DOT  偏移，并进入状态 91
    LB   偏移，并进入状态 106

    $default  使用规则 65 以归约 (Exp)


状态 136

   53 Exp: Exp . LEXERR Exp
   54    | Exp . ASSIGN Exp
   55    | Exp . AND Exp
   56    | Exp . OR Exp
   57    | Exp . LT Exp
   58    | Exp . LE Exp
   59    | Exp . GT Exp
   60    | Exp . GE Exp
   61    | Exp . NE Exp
   62    | Exp . EQ Exp
   63    | Exp . PLUS Exp
   64    | Exp . MINUS Exp
   65    | Exp . MUL Exp
   66    | Exp . DIV Exp
   66    | Exp DIV Exp .
   74    | Exp . LB Exp RB
   75    | Exp . DOT ID
   76    | Exp . DOT LEXERR

    DOT  偏移，并进入状态 91
    LB   偏移，并进入状态 106

    $default  使用规则 66 以归约 (Exp)


状态 137

   53 Exp: Exp . LEXERR Exp
   54    | Exp . ASSIGN Exp
   55    | Exp . AND Exp
   55    | Exp AND Exp .
   56    | Exp . OR Exp
   57    | Exp . LT Exp
   58    | Exp . LE Exp
   59    | Exp . GT Exp
   60    | Exp . GE Exp
   61    | Exp . NE Exp
   62    | Exp . EQ Exp
   63    | Exp . PLUS Exp
   64    | Exp . MINUS Exp
   65    | Exp . MUL Exp
   66    | Exp . DIV Exp
   74    | Exp . LB Exp RB
   75    | Exp . DOT ID
   76    | Exp . DOT LEXERR

    DOT    偏移，并进入状态 91
    LT     偏移，并进入状态 94
    LE     偏移，并进入状态 95
    GT     偏移，并进入状态 96
    GE     偏移，并进入状态 97
    NE     偏移，并进入状态 98
    EQ     偏移，并进入状态 99
    PLUS   偏移，并进入状态 100
    MINUS  偏移，并进入状态 101
    MUL    偏移，并进入状态 102
    DIV    偏移，并进入状态 103
    LB     偏移，并进入状态 106

    $default  使用规则 55 以归约 (Exp)


状态 138

   53 Exp: Exp . LEXERR Exp
   54    | Exp . ASSIGN Exp
   55    | Exp . AND Exp
   56    | Exp . OR Exp
   56    | Exp OR Exp .
   57    | Exp . LT Exp
   58    | Exp . LE Exp
   59    | Exp . GT Exp
   60    | Exp . GE Exp
   61    | Exp . NE Exp
   62    | Exp . EQ Exp
   63    | Exp . PLUS Exp
   64    | Exp . MINUS Exp
   65    | Exp . MUL Exp
   66    | Exp . DIV Exp
   74    | Exp . LB Exp RB
   75    | Exp . DOT ID
   76    | Exp . DOT LEXERR

    DOT    偏移，并进入状态 91
    LT     偏移，并进入状态 94
    LE     偏移，并进入状态 95
    GT     偏移，并进入状态 96
    GE     偏移，并进入状态 97
    NE     偏移，并进入状态 98
    EQ     偏移，并进入状态 99
    PLUS   偏移，并进入状态 100
    MINUS  偏移，并进入状态 101
    MUL    偏移，并进入状态 102
    DIV    偏移，并进入状态 103
    AND    偏移，并进入状态 104
    LB     偏移，并进入状态 106

    $default  使用规则 56 以归约 (Exp)


状态 139

   53 Exp: Exp . LEXERR Exp
   54    | Exp . ASSIGN Exp
   55    | Exp . AND Exp
   56    | Exp . OR Exp
   57    | Exp . LT Exp
   58    | Exp . LE Exp
   59    | Exp . GT Exp
   60    | Exp . GE Exp
   61    | Exp . NE Exp
   62    | Exp . EQ Exp
   63    | Exp . PLUS Exp
   64    | Exp . MINUS Exp
   65    | Exp . MUL Exp
   66    | Exp . DIV Exp
   74    | Exp . LB Exp RB
   74    | Exp LB Exp . RB
   75    | Exp . DOT ID
   76    | Exp . DOT LEXERR

    DOT     偏移，并进入状态 91
    ASSIGN  偏移，并进入状态 93
    LT      偏移，并进入状态 94
    LE      偏移，并进入状态 95
    GT      偏移，并进入状态 96
    GE      偏移，并进入状态 97
    NE      偏移，并进入状态 98
    EQ      偏移，并进入状态 99
    PLUS    偏移，并进入状态 100
    MINUS   偏移，并进入状态 101
    MUL     偏移，并进入状态 102
    DIV     偏移，并进入状态 103
    AND     偏移，并进入状态 104
    OR      偏移，并进入状态 105
    LB      偏移，并进入状态 106
    RB      偏移，并进入状态 153
    LEXERR  偏移，并进入状态 107


状态 140

   53 Exp: Exp . LEXERR Exp
   53    | Exp LEXERR Exp .
   54    | Exp . ASSIGN Exp
   55    | Exp . AND Exp
   56    | Exp . OR Exp
   57    | Exp . LT Exp
   58    | Exp . LE Exp
   59    | Exp . GT Exp
   60    | Exp . GE Exp
   61    | Exp . NE Exp
   62    | Exp . EQ Exp
   63    | Exp . PLUS Exp
   64    | Exp . MINUS Exp
   65    | Exp . MUL Exp
   66    | Exp . DIV Exp
   74    | Exp . LB Exp RB
   75    | Exp . DOT ID
   76    | Exp . DOT LEXERR

    DOT     偏移，并进入状态 91
    ASSIGN  偏移，并进入状态 93
    LT      偏移，并进入状态 94
    LE      偏移，并进入状态 95
    GT      偏移，并进入状态 96
    GE      偏移，并进入状态 97
    NE      偏移，并进入状态 98
    EQ      偏移，并进入状态 99
    PLUS    偏移，并进入状态 100
    MINUS   偏移，并进入状态 101
    MUL     偏移，并进入状态 102
    DIV     偏移，并进入状态 103
    AND     偏移，并进入状态 104
    OR      偏移，并进入状态 105
    LB      偏移，并进入状态 106
    LEXERR  偏移，并进入状态 107

    $default  使用规则 53 以归约 (Exp)


状态 141

   82 Args: Exp COMMA . Args

    INT     偏移，并进入状态 57
    FLOAT   偏移，并进入状态 58
    CHAR    偏移，并进入状态 59
    ID      偏移，并进入状态 60
    MINUS   偏移，并进入状态 64
    NOT     偏移，并进入状态 65
    LP      偏移，并进入状态 66
    LEXERR  偏移，并进入状态 67

    Exp   转到状态 112
    Args  转到状态 154


状态 142

   50 Exp: ID LP Args error .

    $default  使用规则 50 以归约 (Exp)


状态 143

   70 Exp: ID LP Args RP .

    $default  使用规则 70 以归约 (Exp)


状态 144

   38 Stmt: IF LP Exp RP . Stmt
   39     | IF LP Exp RP . Stmt ELSE Stmt

    INT     偏移，并进入状态 57
    FLOAT   偏移，并进入状态 58
    CHAR    偏移，并进入状态 59
    ID      偏移，并进入状态 60
    IF      偏移，并进入状态 61
    WHILE   偏移，并进入状态 62
    RETURN  偏移，并进入状态 63
    MINUS   偏移，并进入状态 64
    NOT     偏移，并进入状态 65
    LP      偏移，并进入状态 66
    LC      偏移，并进入状态 27
    LEXERR  偏移，并进入状态 67
    FOR     偏移，并进入状态 68

    CompSt  转到状态 69
    Stmt    转到状态 155
    Exp     转到状态 72


状态 145

   40 Stmt: WHILE LP Exp RP . Stmt

    INT     偏移，并进入状态 57
    FLOAT   偏移，并进入状态 58
    CHAR    偏移，并进入状态 59
    ID      偏移，并进入状态 60
    IF      偏移，并进入状态 61
    WHILE   偏移，并进入状态 62
    RETURN  偏移，并进入状态 63
    MINUS   偏移，并进入状态 64
    NOT     偏移，并进入状态 65
    LP      偏移，并进入状态 66
    LC      偏移，并进入状态 27
    LEXERR  偏移，并进入状态 67
    FOR     偏移，并进入状态 68

    CompSt  转到状态 69
    Stmt    转到状态 156
    Exp     转到状态 72


状态 146

   52 Exp: LEXERR LP Args error .

    $default  使用规则 52 以归约 (Exp)


状态 147

   71 Exp: LEXERR LP Args RP .

    $default  使用规则 71 以归约 (Exp)


状态 148

   90 ForExps: SEMI SEMI . Exp
   91        | SEMI SEMI .

    INT     偏移，并进入状态 57
    FLOAT   偏移，并进入状态 58
    CHAR    偏移，并进入状态 59
    ID      偏移，并进入状态 60
    MINUS   偏移，并进入状态 64
    NOT     偏移，并进入状态 65
    LP      偏移，并进入状态 66
    LEXERR  偏移，并进入状态 67

    $default  使用规则 91 以归约 (ForExps)

    Exp  转到状态 157


状态 149

   53 Exp: Exp . LEXERR Exp
   54    | Exp . ASSIGN Exp
   55    | Exp . AND Exp
   56    | Exp . OR Exp
   57    | Exp . LT Exp
   58    | Exp . LE Exp
   59    | Exp . GT Exp
   60    | Exp . GE Exp
   61    | Exp . NE Exp
   62    | Exp . EQ Exp
   63    | Exp . PLUS Exp
   64    | Exp . MINUS Exp
   65    | Exp . MUL Exp
   66    | Exp . DIV Exp
   74    | Exp . LB Exp RB
   75    | Exp . DOT ID
   76    | Exp . DOT LEXERR
   85 ForExps: SEMI Exp . SEMI Exp
   88        | SEMI Exp . SEMI

    DOT     偏移，并进入状态 91
    SEMI    偏移，并进入状态 158
    ASSIGN  偏移，并进入状态 93
    LT      偏移，并进入状态 94
    LE      偏移，并进入状态 95
    GT      偏移，并进入状态 96
    GE      偏移，并进入状态 97
    NE      偏移，并进入状态 98
    EQ      偏移，并进入状态 99
    PLUS    偏移，并进入状态 100
    MINUS   偏移，并进入状态 101
    MUL     偏移，并进入状态 102
    DIV     偏移，并进入状态 103
    AND     偏移，并进入状态 104
    OR      偏移，并进入状态 105
    LB      偏移，并进入状态 106
    LEXERR  偏移，并进入状态 107


状态 150

   86 ForExps: Def SEMI . Exp
   89        | Def SEMI .

    INT     偏移，并进入状态 57
    FLOAT   偏移，并进入状态 58
    CHAR    偏移，并进入状态 59
    ID      偏移，并进入状态 60
    MINUS   偏移，并进入状态 64
    NOT     偏移，并进入状态 65
    LP      偏移，并进入状态 66
    LEXERR  偏移，并进入状态 67

    $default  使用规则 89 以归约 (ForExps)

    Exp  转到状态 159


状态 151

   53 Exp: Exp . LEXERR Exp
   54    | Exp . ASSIGN Exp
   55    | Exp . AND Exp
   56    | Exp . OR Exp
   57    | Exp . LT Exp
   58    | Exp . LE Exp
   59    | Exp . GT Exp
   60    | Exp . GE Exp
   61    | Exp . NE Exp
   62    | Exp . EQ Exp
   63    | Exp . PLUS Exp
   64    | Exp . MINUS Exp
   65    | Exp . MUL Exp
   66    | Exp . DIV Exp
   74    | Exp . LB Exp RB
   75    | Exp . DOT ID
   76    | Exp . DOT LEXERR
   84 ForExps: Def Exp . SEMI Exp
   87        | Def Exp . SEMI

    DOT     偏移，并进入状态 91
    SEMI    偏移，并进入状态 160
    ASSIGN  偏移，并进入状态 93
    LT      偏移，并进入状态 94
    LE      偏移，并进入状态 95
    GT      偏移，并进入状态 96
    GE      偏移，并进入状态 97
    NE      偏移，并进入状态 98
    EQ      偏移，并进入状态 99
    PLUS    偏移，并进入状态 100
    MINUS   偏移，并进入状态 101
    MUL     偏移，并进入状态 102
    DIV     偏移，并进入状态 103
    AND     偏移，并进入状态 104
    OR      偏移，并进入状态 105
    LB      偏移，并进入状态 106
    LEXERR  偏移，并进入状态 107


状态 152

   41 Stmt: FOR LP ForExps RP . Stmt

    INT     偏移，并进入状态 57
    FLOAT   偏移，并进入状态 58
    CHAR    偏移，并进入状态 59
    ID      偏移，并进入状态 60
    IF      偏移，并进入状态 61
    WHILE   偏移，并进入状态 62
    RETURN  偏移，并进入状态 63
    MINUS   偏移，并进入状态 64
    NOT     偏移，并进入状态 65
    LP      偏移，并进入状态 66
    LC      偏移，并进入状态 27
    LEXERR  偏移，并进入状态 67
    FOR     偏移，并进入状态 68

    CompSt  转到状态 69
    Stmt    转到状态 161
    Exp     转到状态 72


状态 153

   74 Exp: Exp LB Exp RB .

    $default  使用规则 74 以归约 (Exp)


状态 154

   82 Args: Exp COMMA Args .

    $default  使用规则 82 以归约 (Args)


状态 155

   38 Stmt: IF LP Exp RP Stmt .
   39     | IF LP Exp RP Stmt . ELSE Stmt

    ELSE  偏移，并进入状态 162

    ELSE      [使用规则 38 以归约 (Stmt)]
    $default  使用规则 38 以归约 (Stmt)


状态 156

   40 Stmt: WHILE LP Exp RP Stmt .

    $default  使用规则 40 以归约 (Stmt)


状态 157

   53 Exp: Exp . LEXERR Exp
   54    | Exp . ASSIGN Exp
   55    | Exp . AND Exp
   56    | Exp . OR Exp
   57    | Exp . LT Exp
   58    | Exp . LE Exp
   59    | Exp . GT Exp
   60    | Exp . GE Exp
   61    | Exp . NE Exp
   62    | Exp . EQ Exp
   63    | Exp . PLUS Exp
   64    | Exp . MINUS Exp
   65    | Exp . MUL Exp
   66    | Exp . DIV Exp
   74    | Exp . LB Exp RB
   75    | Exp . DOT ID
   76    | Exp . DOT LEXERR
   90 ForExps: SEMI SEMI Exp .

    DOT     偏移，并进入状态 91
    ASSIGN  偏移，并进入状态 93
    LT      偏移，并进入状态 94
    LE      偏移，并进入状态 95
    GT      偏移，并进入状态 96
    GE      偏移，并进入状态 97
    NE      偏移，并进入状态 98
    EQ      偏移，并进入状态 99
    PLUS    偏移，并进入状态 100
    MINUS   偏移，并进入状态 101
    MUL     偏移，并进入状态 102
    DIV     偏移，并进入状态 103
    AND     偏移，并进入状态 104
    OR      偏移，并进入状态 105
    LB      偏移，并进入状态 106
    LEXERR  偏移，并进入状态 107

    $default  使用规则 90 以归约 (ForExps)


状态 158

   85 ForExps: SEMI Exp SEMI . Exp
   88        | SEMI Exp SEMI .

    INT     偏移，并进入状态 57
    FLOAT   偏移，并进入状态 58
    CHAR    偏移，并进入状态 59
    ID      偏移，并进入状态 60
    MINUS   偏移，并进入状态 64
    NOT     偏移，并进入状态 65
    LP      偏移，并进入状态 66
    LEXERR  偏移，并进入状态 67

    $default  使用规则 88 以归约 (ForExps)

    Exp  转到状态 163


状态 159

   53 Exp: Exp . LEXERR Exp
   54    | Exp . ASSIGN Exp
   55    | Exp . AND Exp
   56    | Exp . OR Exp
   57    | Exp . LT Exp
   58    | Exp . LE Exp
   59    | Exp . GT Exp
   60    | Exp . GE Exp
   61    | Exp . NE Exp
   62    | Exp . EQ Exp
   63    | Exp . PLUS Exp
   64    | Exp . MINUS Exp
   65    | Exp . MUL Exp
   66    | Exp . DIV Exp
   74    | Exp . LB Exp RB
   75    | Exp . DOT ID
   76    | Exp . DOT LEXERR
   86 ForExps: Def SEMI Exp .

    DOT     偏移，并进入状态 91
    ASSIGN  偏移，并进入状态 93
    LT      偏移，并进入状态 94
    LE      偏移，并进入状态 95
    GT      偏移，并进入状态 96
    GE      偏移，并进入状态 97
    NE      偏移，并进入状态 98
    EQ      偏移，并进入状态 99
    PLUS    偏移，并进入状态 100
    MINUS   偏移，并进入状态 101
    MUL     偏移，并进入状态 102
    DIV     偏移，并进入状态 103
    AND     偏移，并进入状态 104
    OR      偏移，并进入状态 105
    LB      偏移，并进入状态 106
    LEXERR  偏移，并进入状态 107

    $default  使用规则 86 以归约 (ForExps)


状态 160

   84 ForExps: Def Exp SEMI . Exp
   87        | Def Exp SEMI .

    INT     偏移，并进入状态 57
    FLOAT   偏移，并进入状态 58
    CHAR    偏移，并进入状态 59
    ID      偏移，并进入状态 60
    MINUS   偏移，并进入状态 64
    NOT     偏移，并进入状态 65
    LP      偏移，并进入状态 66
    LEXERR  偏移，并进入状态 67

    $default  使用规则 87 以归约 (ForExps)

    Exp  转到状态 164


状态 161

   41 Stmt: FOR LP ForExps RP Stmt .

    $default  使用规则 41 以归约 (Stmt)


状态 162

   39 Stmt: IF LP Exp RP Stmt ELSE . Stmt

    INT     偏移，并进入状态 57
    FLOAT   偏移，并进入状态 58
    CHAR    偏移，并进入状态 59
    ID      偏移，并进入状态 60
    IF      偏移，并进入状态 61
    WHILE   偏移，并进入状态 62
    RETURN  偏移，并进入状态 63
    MINUS   偏移，并进入状态 64
    NOT     偏移，并进入状态 65
    LP      偏移，并进入状态 66
    LC      偏移，并进入状态 27
    LEXERR  偏移，并进入状态 67
    FOR     偏移，并进入状态 68

    CompSt  转到状态 69
    Stmt    转到状态 165
    Exp     转到状态 72


状态 163

   53 Exp: Exp . LEXERR Exp
   54    | Exp . ASSIGN Exp
   55    | Exp . AND Exp
   56    | Exp . OR Exp
   57    | Exp . LT Exp
   58    | Exp . LE Exp
   59    | Exp . GT Exp
   60    | Exp . GE Exp
   61    | Exp . NE Exp
   62    | Exp . EQ Exp
   63    | Exp . PLUS Exp
   64    | Exp . MINUS Exp
   65    | Exp . MUL Exp
   66    | Exp . DIV Exp
   74    | Exp . LB Exp RB
   75    | Exp . DOT ID
   76    | Exp . DOT LEXERR
   85 ForExps: SEMI Exp SEMI Exp .

    DOT     偏移，并进入状态 91
    ASSIGN  偏移，并进入状态 93
    LT      偏移，并进入状态 94
    LE      偏移，并进入状态 95
    GT      偏移，并进入状态 96
    GE      偏移，并进入状态 97
    NE      偏移，并进入状态 98
    EQ      偏移，并进入状态 99
    PLUS    偏移，并进入状态 100
    MINUS   偏移，并进入状态 101
    MUL     偏移，并进入状态 102
    DIV     偏移，并进入状态 103
    AND     偏移，并进入状态 104
    OR      偏移，并进入状态 105
    LB      偏移，并进入状态 106
    LEXERR  偏移，并进入状态 107

    $default  使用规则 85 以归约 (ForExps)


状态 164

   53 Exp: Exp . LEXERR Exp
   54    | Exp . ASSIGN Exp
   55    | Exp . AND Exp
   56    | Exp . OR Exp
   57    | Exp . LT Exp
   58    | Exp . LE Exp
   59    | Exp . GT Exp
   60    | Exp . GE Exp
   61    | Exp . NE Exp
   62    | Exp . EQ Exp
   63    | Exp . PLUS Exp
   64    | Exp . MINUS Exp
   65    | Exp . MUL Exp
   66    | Exp . DIV Exp
   74    | Exp . LB Exp RB
   75    | Exp . DOT ID
   76    | Exp . DOT LEXERR
   84 ForExps: Def Exp SEMI Exp .

    DOT     偏移，并进入状态 91
    ASSIGN  偏移，并进入状态 93
    LT      偏移，并进入状态 94
    LE      偏移，并进入状态 95
    GT      偏移，并进入状态 96
    GE      偏移，并进入状态 97
    NE      偏移，并进入状态 98
    EQ      偏移，并进入状态 99
    PLUS    偏移，并进入状态 100
    MINUS   偏移，并进入状态 101
    MUL     偏移，并进入状态 102
    DIV     偏移，并进入状态 103
    AND     偏移，并进入状态 104
    OR      偏移，并进入状态 105
    LB      偏移，并进入状态 106
    LEXERR  偏移，并进入状态 107

    $default  使用规则 84 以归约 (ForExps)


状态 165

   39 Stmt: IF LP Exp RP Stmt ELSE Stmt .

    $default  使用规则 39 以归约 (Stmt)
